GROUP,PACKAGE,CLASS,INSTRUCTION_MISSED,INSTRUCTION_COVERED,BRANCH_MISSED,BRANCH_COVERED,LINE_MISSED,LINE_COVERED,COMPLEXITY_MISSED,COMPLEXITY_COVERED,METHOD_MISSED,METHOD_COVERED
BeyondDouble,math.core,Notationer,57,300,15,41,12,55,10,28,1,9
BeyondDouble,math.core,Operationer,5,925,1,89,1,166,1,67,0,23
BeyondDouble,math.core,Digit,152,1159,28,164,21,182,23,122,1,48
BeyondDouble,BeyondDouble,App,0,126,0,2,0,26,0,6,0,5
BeyondDouble,math.core.exceptions,UndeterminedException,0,4,0,0,0,2,0,1,0,1
BeyondDouble,math.core.exceptions,IllegalNumberFormatException,0,4,0,0,0,2,0,1,0,1
BeyondDouble,math.taylor,Trigonometry,142,750,11,27,26,115,12,64,5,52
BeyondDouble,math.taylor,Util,6,167,1,17,1,34,1,19,0,11
