<?xml version="1.0" encoding="UTF-8" standalone="yes"?><!DOCTYPE report PUBLIC "-//JACOCO//DTD Report 1.1//EN" "report.dtd"><report name="BeyondDouble"><sessioninfo id="LAPTOP-P731I3LP-7ee94c71" start="1759530833487" dump="1759530840905"/><package name="math/core"><class name="math/core/Notationer" sourcefilename="Notationer.java"><method name="&lt;init&gt;" desc="()V" line="70"><counter type="INSTRUCTION" missed="0" covered="9"/><counter type="LINE" missed="0" covered="3"/><counter type="COMPLEXITY" missed="0" covered="1"/><counter type="METHOD" missed="0" covered="1"/></method><method name="isValidNumber" desc="(Ljava/lang/String;)Z" line="109"><counter type="INSTRUCTION" missed="0" covered="11"/><counter type="BRANCH" missed="0" covered="4"/><counter type="LINE" missed="0" covered="2"/><counter type="COMPLEXITY" missed="0" covered="3"/><counter type="METHOD" missed="0" covered="1"/></method><method name="Normalize" desc="(Ljava/lang/StringBuilder;)[Ljava/lang/String;" line="144"><counter type="INSTRUCTION" missed="0" covered="17"/><counter type="LINE" missed="0" covered="3"/><counter type="COMPLEXITY" missed="0" covered="1"/><counter type="METHOD" missed="0" covered="1"/></method><method name="validateAndNormalize" desc="(Ljava/lang/StringBuilder;)[Ljava/lang/String;" line="183"><counter type="INSTRUCTION" missed="27" covered="0"/><counter type="BRANCH" missed="4" covered="0"/><counter type="LINE" missed="5" covered="0"/><counter type="COMPLEXITY" missed="3" covered="0"/><counter type="METHOD" missed="1" covered="0"/></method><method name="format" desc="(Ljava/lang/String;Ljava/lang/String;Z)Ljava/lang/String;" line="224"><counter type="INSTRUCTION" missed="0" covered="43"/><counter type="BRANCH" missed="1" covered="7"/><counter type="LINE" missed="0" covered="8"/><counter type="COMPLEXITY" missed="1" covered="4"/><counter type="METHOD" missed="0" covered="1"/></method><method name="expandScientificNotation" desc="(Ljava/lang/StringBuilder;)Ljava/lang/StringBuilder;" line="268"><counter type="INSTRUCTION" missed="1" covered="118"/><counter type="BRANCH" missed="1" covered="15"/><counter type="LINE" missed="0" covered="21"/><counter type="COMPLEXITY" missed="1" covered="8"/><counter type="METHOD" missed="0" covered="1"/></method><method name="cleanNonNumericCharacters" desc="(Ljava/lang/String;Z)Ljava/lang/StringBuilder;" line="354"><counter type="INSTRUCTION" missed="29" covered="38"/><counter type="BRANCH" missed="9" covered="5"/><counter type="LINE" missed="7" covered="9"/><counter type="COMPLEXITY" missed="5" covered="3"/><counter type="METHOD" missed="0" covered="1"/></method><method name="splitIntoIntegerAndDecimalParts" desc="(Ljava/lang/String;)[Ljava/lang/String;" line="420"><counter type="INSTRUCTION" missed="0" covered="23"/><counter type="BRANCH" missed="0" covered="2"/><counter type="LINE" missed="0" covered="2"/><counter type="COMPLEXITY" missed="0" covered="2"/><counter type="METHOD" missed="0" covered="1"/></method><method name="trimZeros" desc="(Ljava/lang/String;)Ljava/lang/String;" line="448"><counter type="INSTRUCTION" missed="0" covered="12"/><counter type="BRANCH" missed="0" covered="2"/><counter type="LINE" missed="0" covered="1"/><counter type="COMPLEXITY" missed="0" covered="2"/><counter type="METHOD" missed="0" covered="1"/></method><method name="formatIntegerPart" desc="(Ljava/lang/StringBuilder;Ljava/lang/String;C)V" line="478"><counter type="INSTRUCTION" missed="0" covered="29"/><counter type="BRANCH" missed="0" covered="6"/><counter type="LINE" missed="0" covered="6"/><counter type="COMPLEXITY" missed="0" covered="4"/><counter type="METHOD" missed="0" covered="1"/></method><counter type="INSTRUCTION" missed="57" covered="300"/><counter type="BRANCH" missed="15" covered="41"/><counter type="LINE" missed="12" covered="55"/><counter type="COMPLEXITY" missed="10" covered="28"/><counter type="METHOD" missed="1" covered="9"/><counter type="CLASS" missed="0" covered="1"/></class><class name="math/core/Operationer" sourcefilename="Operationer.java"><method name="&lt;init&gt;" desc="()V" line="57"><counter type="INSTRUCTION" missed="0" covered="3"/><counter type="LINE" missed="0" covered="1"/><counter type="COMPLEXITY" missed="0" covered="1"/><counter type="METHOD" missed="0" covered="1"/></method><method name="compareIntegerParts" desc="(Ljava/lang/String;Ljava/lang/String;)I" line="83"><counter type="INSTRUCTION" missed="0" covered="43"/><counter type="BRANCH" missed="0" covered="10"/><counter type="LINE" missed="0" covered="8"/><counter type="COMPLEXITY" missed="0" covered="6"/><counter type="METHOD" missed="0" covered="1"/></method><method name="compareDecimalParts" desc="(Ljava/lang/String;Ljava/lang/String;)I" line="128"><counter type="INSTRUCTION" missed="0" covered="50"/><counter type="BRANCH" missed="0" covered="12"/><counter type="LINE" missed="0" covered="9"/><counter type="COMPLEXITY" missed="0" covered="7"/><counter type="METHOD" missed="0" covered="1"/></method><method name="padZerosRight" desc="(Ljava/lang/String;I)Ljava/lang/String;" line="171"><counter type="INSTRUCTION" missed="0" covered="20"/><counter type="BRANCH" missed="0" covered="2"/><counter type="LINE" missed="0" covered="4"/><counter type="COMPLEXITY" missed="0" covered="2"/><counter type="METHOD" missed="0" covered="1"/></method><method name="padZerosLeft" desc="(Ljava/lang/String;I)Ljava/lang/String;" line="206"><counter type="INSTRUCTION" missed="0" covered="21"/><counter type="BRANCH" missed="0" covered="2"/><counter type="LINE" missed="0" covered="4"/><counter type="COMPLEXITY" missed="0" covered="2"/><counter type="METHOD" missed="0" covered="1"/></method><method name="trimZerosRight" desc="(Ljava/lang/String;)Ljava/lang/String;" line="240"><counter type="INSTRUCTION" missed="0" covered="5"/><counter type="LINE" missed="0" covered="1"/><counter type="COMPLEXITY" missed="0" covered="1"/><counter type="METHOD" missed="0" covered="1"/></method><method name="trimZerosLeft" desc="(Ljava/lang/String;)Ljava/lang/String;" line="266"><counter type="INSTRUCTION" missed="0" covered="5"/><counter type="LINE" missed="0" covered="1"/><counter type="COMPLEXITY" missed="0" covered="1"/><counter type="METHOD" missed="0" covered="1"/></method><method name="trimAllZerosLeft" desc="(Ljava/lang/String;)Ljava/lang/String;" line="292"><counter type="INSTRUCTION" missed="0" covered="5"/><counter type="LINE" missed="0" covered="1"/><counter type="COMPLEXITY" missed="0" covered="1"/><counter type="METHOD" missed="0" covered="1"/></method><method name="asyncAddition" desc="([Ljava/lang/String;)Ljava/lang/String;" line="325"><counter type="INSTRUCTION" missed="0" covered="48"/><counter type="BRANCH" missed="0" covered="6"/><counter type="LINE" missed="0" covered="8"/><counter type="COMPLEXITY" missed="0" covered="4"/><counter type="METHOD" missed="0" covered="1"/></method><method name="addTwoTogether" desc="(Ljava/lang/String;Ljava/lang/String;Z)Ljava/lang/String;" line="387"><counter type="INSTRUCTION" missed="0" covered="36"/><counter type="LINE" missed="0" covered="6"/><counter type="COMPLEXITY" missed="0" covered="1"/><counter type="METHOD" missed="0" covered="1"/></method><method name="increase" desc="(Ljava/lang/String;)Ljava/lang/String;" line="428"><counter type="INSTRUCTION" missed="0" covered="28"/><counter type="LINE" missed="0" covered="4"/><counter type="COMPLEXITY" missed="0" covered="1"/><counter type="METHOD" missed="0" covered="1"/></method><method name="decrease" desc="(Ljava/lang/String;)Ljava/lang/String;" line="467"><counter type="INSTRUCTION" missed="0" covered="30"/><counter type="LINE" missed="0" covered="4"/><counter type="COMPLEXITY" missed="0" covered="1"/><counter type="METHOD" missed="0" covered="1"/></method><method name="multiplication" desc="(Ljava/lang/String;Ljava/lang/String;)Ljava/lang/String;" line="501"><counter type="INSTRUCTION" missed="0" covered="20"/><counter type="LINE" missed="0" covered="3"/><counter type="COMPLEXITY" missed="0" covered="1"/><counter type="METHOD" missed="0" covered="1"/></method><method name="division" desc="(Ljava/lang/String;Ljava/lang/String;J)[Ljava/lang/String;" line="539"><counter type="INSTRUCTION" missed="0" covered="81"/><counter type="BRANCH" missed="0" covered="6"/><counter type="LINE" missed="0" covered="8"/><counter type="COMPLEXITY" missed="0" covered="4"/><counter type="METHOD" missed="0" covered="1"/></method><method name="quotient" desc="(Ljava/lang/String;Ljava/lang/String;)[Ljava/lang/String;" line="595"><counter type="INSTRUCTION" missed="0" covered="133"/><counter type="BRANCH" missed="0" covered="12"/><counter type="LINE" missed="0" covered="26"/><counter type="COMPLEXITY" missed="0" covered="7"/><counter type="METHOD" missed="0" covered="1"/></method><method name="calculateDecimalPartForDivision" desc="(Ljava/lang/String;Ljava/lang/String;J)Ljava/lang/String;" line="684"><counter type="INSTRUCTION" missed="5" covered="71"/><counter type="BRANCH" missed="1" covered="7"/><counter type="LINE" missed="1" covered="15"/><counter type="COMPLEXITY" missed="1" covered="4"/><counter type="METHOD" missed="0" covered="1"/></method><method name="asyncAdditionRecursive" desc="([Ljava/lang/String;)Ljava/util/concurrent/CompletableFuture;" line="731"><counter type="INSTRUCTION" missed="0" covered="50"/><counter type="BRANCH" missed="0" covered="4"/><counter type="LINE" missed="0" covered="9"/><counter type="COMPLEXITY" missed="0" covered="3"/><counter type="METHOD" missed="0" covered="1"/></method><method name="addTwoTogether" desc="(Ljava/lang/StringBuilder;Ljava/lang/String;Ljava/lang/String;IIIIZ)Ljava/lang/StringBuilder;" line="775"><counter type="INSTRUCTION" missed="0" covered="103"/><counter type="BRANCH" missed="0" covered="16"/><counter type="LINE" missed="0" covered="23"/><counter type="COMPLEXITY" missed="0" covered="9"/><counter type="METHOD" missed="0" covered="1"/></method><method name="multiplication" desc="([Ljava/lang/String;Ljava/lang/StringBuilder;Ljava/lang/String;Ljava/lang/String;I)[Ljava/lang/String;" line="834"><counter type="INSTRUCTION" missed="0" covered="43"/><counter type="BRANCH" missed="0" covered="2"/><counter type="LINE" missed="0" covered="8"/><counter type="COMPLEXITY" missed="0" covered="2"/><counter type="METHOD" missed="0" covered="1"/></method><method name="multiplication" desc="(Ljava/lang/StringBuilder;Ljava/lang/String;III)Ljava/lang/StringBuilder;" line="857"><counter type="INSTRUCTION" missed="0" covered="43"/><counter type="BRANCH" missed="0" covered="4"/><counter type="LINE" missed="0" covered="10"/><counter type="COMPLEXITY" missed="0" covered="3"/><counter type="METHOD" missed="0" covered="1"/></method><method name="powersOfTwo" desc="(I)Ljava/util/ArrayList;" line="886"><counter type="INSTRUCTION" missed="0" covered="32"/><counter type="BRANCH" missed="0" covered="2"/><counter type="LINE" missed="0" covered="6"/><counter type="COMPLEXITY" missed="0" covered="2"/><counter type="METHOD" missed="0" covered="1"/></method><method name="lambda$asyncAdditionRecursive$1" desc="(I[Ljava/lang/String;[Ljava/util/concurrent/CompletableFuture;Ljava/util/concurrent/ExecutorService;Ljava/lang/Void;)Ljava/util/concurrent/CompletionStage;" line="752"><counter type="INSTRUCTION" missed="0" covered="43"/><counter type="BRANCH" missed="0" covered="4"/><counter type="LINE" missed="0" covered="7"/><counter type="COMPLEXITY" missed="0" covered="3"/><counter type="METHOD" missed="0" covered="1"/></method><method name="lambda$asyncAdditionRecursive$0" desc="([Ljava/lang/String;I)Ljava/lang/String;" line="746"><counter type="INSTRUCTION" missed="0" covered="12"/><counter type="LINE" missed="0" covered="1"/><counter type="COMPLEXITY" missed="0" covered="1"/><counter type="METHOD" missed="0" covered="1"/></method><counter type="INSTRUCTION" missed="5" covered="925"/><counter type="BRANCH" missed="1" covered="89"/><counter type="LINE" missed="1" covered="166"/><counter type="COMPLEXITY" missed="1" covered="67"/><counter type="METHOD" missed="0" covered="23"/><counter type="CLASS" missed="0" covered="1"/></class><class name="math/core/Digit" sourcefilename="Digit.java"><method name="&lt;init&gt;" desc="(Ljava/lang/String;)V" line="123"><counter type="INSTRUCTION" missed="0" covered="87"/><counter type="BRANCH" missed="0" covered="14"/><counter type="LINE" missed="0" covered="15"/><counter type="COMPLEXITY" missed="0" covered="8"/><counter type="METHOD" missed="0" covered="1"/></method><method name="&lt;init&gt;" desc="(Ljava/lang/String;Z)V" line="181"><counter type="INSTRUCTION" missed="0" covered="7"/><counter type="LINE" missed="0" covered="3"/><counter type="COMPLEXITY" missed="0" covered="1"/><counter type="METHOD" missed="0" covered="1"/></method><method name="&lt;init&gt;" desc="(D)V" line="199"><counter type="INSTRUCTION" missed="0" covered="5"/><counter type="LINE" missed="0" covered="2"/><counter type="COMPLEXITY" missed="0" covered="1"/><counter type="METHOD" missed="0" covered="1"/></method><method name="&lt;init&gt;" desc="(DZ)V" line="216"><counter type="INSTRUCTION" missed="0" covered="7"/><counter type="LINE" missed="0" covered="3"/><counter type="COMPLEXITY" missed="0" covered="1"/><counter type="METHOD" missed="0" covered="1"/></method><method name="&lt;init&gt;" desc="(Ljava/lang/String;Ljava/lang/String;)V" line="235"><counter type="INSTRUCTION" missed="0" covered="6"/><counter type="LINE" missed="0" covered="2"/><counter type="COMPLEXITY" missed="0" covered="1"/><counter type="METHOD" missed="0" covered="1"/></method><method name="&lt;init&gt;" desc="(Ljava/lang/String;Ljava/lang/String;Z)V" line="253"><counter type="INSTRUCTION" missed="0" covered="8"/><counter type="LINE" missed="0" covered="3"/><counter type="COMPLEXITY" missed="0" covered="1"/><counter type="METHOD" missed="0" covered="1"/></method><method name="&lt;init&gt;" desc="(JJ)V" line="272"><counter type="INSTRUCTION" missed="0" covered="6"/><counter type="LINE" missed="0" covered="2"/><counter type="COMPLEXITY" missed="0" covered="1"/><counter type="METHOD" missed="0" covered="1"/></method><method name="&lt;init&gt;" desc="(JJZ)V" line="290"><counter type="INSTRUCTION" missed="0" covered="8"/><counter type="LINE" missed="0" covered="3"/><counter type="COMPLEXITY" missed="0" covered="1"/><counter type="METHOD" missed="0" covered="1"/></method><method name="&lt;init&gt;" desc="(Ljava/lang/String;Ljava/lang/String;ZZ)V" line="123"><counter type="INSTRUCTION" missed="0" covered="39"/><counter type="BRANCH" missed="0" covered="4"/><counter type="LINE" missed="0" covered="8"/><counter type="COMPLEXITY" missed="0" covered="3"/><counter type="METHOD" missed="0" covered="1"/></method><method name="&lt;init&gt;" desc="(Ljava/lang/String;ZZ)V" line="123"><counter type="INSTRUCTION" missed="0" covered="32"/><counter type="BRANCH" missed="0" covered="2"/><counter type="LINE" missed="0" covered="8"/><counter type="COMPLEXITY" missed="0" covered="2"/><counter type="METHOD" missed="0" covered="1"/></method><method name="toString" desc="()Ljava/lang/String;" line="359"><counter type="INSTRUCTION" missed="0" covered="17"/><counter type="BRANCH" missed="0" covered="2"/><counter type="LINE" missed="0" covered="1"/><counter type="COMPLEXITY" missed="0" covered="2"/><counter type="METHOD" missed="0" covered="1"/></method><method name="byteValue" desc="()B" line="376"><counter type="INSTRUCTION" missed="0" covered="11"/><counter type="BRANCH" missed="0" covered="2"/><counter type="LINE" missed="0" covered="1"/><counter type="COMPLEXITY" missed="0" covered="2"/><counter type="METHOD" missed="0" covered="1"/></method><method name="doubleValue" desc="()D" line="393"><counter type="INSTRUCTION" missed="0" covered="20"/><counter type="BRANCH" missed="0" covered="4"/><counter type="LINE" missed="0" covered="2"/><counter type="COMPLEXITY" missed="0" covered="3"/><counter type="METHOD" missed="0" covered="1"/></method><method name="floatValue" desc="()F" line="414"><counter type="INSTRUCTION" missed="0" covered="20"/><counter type="BRANCH" missed="0" covered="4"/><counter type="LINE" missed="0" covered="2"/><counter type="COMPLEXITY" missed="0" covered="3"/><counter type="METHOD" missed="0" covered="1"/></method><method name="intValue" desc="()I" line="435"><counter type="INSTRUCTION" missed="0" covered="11"/><counter type="BRANCH" missed="0" covered="2"/><counter type="LINE" missed="0" covered="1"/><counter type="COMPLEXITY" missed="0" covered="2"/><counter type="METHOD" missed="0" covered="1"/></method><method name="longValue" desc="()J" line="452"><counter type="INSTRUCTION" missed="0" covered="11"/><counter type="BRANCH" missed="0" covered="2"/><counter type="LINE" missed="0" covered="1"/><counter type="COMPLEXITY" missed="0" covered="2"/><counter type="METHOD" missed="0" covered="1"/></method><method name="shortValue" desc="()S" line="469"><counter type="INSTRUCTION" missed="0" covered="11"/><counter type="BRANCH" missed="0" covered="2"/><counter type="LINE" missed="0" covered="1"/><counter type="COMPLEXITY" missed="0" covered="2"/><counter type="METHOD" missed="0" covered="1"/></method><method name="stringValue" desc="()Ljava/lang/String;" line="484"><counter type="INSTRUCTION" missed="0" covered="19"/><counter type="BRANCH" missed="0" covered="4"/><counter type="LINE" missed="0" covered="2"/><counter type="COMPLEXITY" missed="0" covered="3"/><counter type="METHOD" missed="0" covered="1"/></method><method name="equals" desc="(Ljava/lang/Object;)Z" line="518"><counter type="INSTRUCTION" missed="2" covered="23"/><counter type="BRANCH" missed="2" covered="6"/><counter type="LINE" missed="0" covered="4"/><counter type="COMPLEXITY" missed="2" covered="3"/><counter type="METHOD" missed="0" covered="1"/></method><method name="compareTo" desc="(Lmath/core/Digit;)I" line="555"><counter type="INSTRUCTION" missed="0" covered="44"/><counter type="BRANCH" missed="0" covered="8"/><counter type="LINE" missed="0" covered="7"/><counter type="COMPLEXITY" missed="0" covered="5"/><counter type="METHOD" missed="0" covered="1"/></method><method name="compareTo" desc="(D)I" line="587"><counter type="INSTRUCTION" missed="0" covered="7"/><counter type="LINE" missed="0" covered="1"/><counter type="COMPLEXITY" missed="0" covered="1"/><counter type="METHOD" missed="0" covered="1"/></method><method name="compareTo" desc="(I)I" line="606"><counter type="INSTRUCTION" missed="0" covered="12"/><counter type="LINE" missed="0" covered="1"/><counter type="COMPLEXITY" missed="0" covered="1"/><counter type="METHOD" missed="0" covered="1"/></method><method name="compareToZero" desc="()I" line="633"><counter type="INSTRUCTION" missed="0" covered="18"/><counter type="BRANCH" missed="0" covered="6"/><counter type="LINE" missed="0" covered="3"/><counter type="COMPLEXITY" missed="0" covered="4"/><counter type="METHOD" missed="0" covered="1"/></method><method name="compareToOne" desc="()I" line="664"><counter type="INSTRUCTION" missed="0" covered="23"/><counter type="BRANCH" missed="0" covered="8"/><counter type="LINE" missed="0" covered="3"/><counter type="COMPLEXITY" missed="0" covered="5"/><counter type="METHOD" missed="0" covered="1"/></method><method name="compareToMinusOne" desc="()I" line="695"><counter type="INSTRUCTION" missed="0" covered="27"/><counter type="BRANCH" missed="2" covered="8"/><counter type="LINE" missed="0" covered="3"/><counter type="COMPLEXITY" missed="2" covered="4"/><counter type="METHOD" missed="0" covered="1"/></method><method name="increase" desc="()Lmath/core/Digit;" line="725"><counter type="INSTRUCTION" missed="0" covered="48"/><counter type="BRANCH" missed="0" covered="8"/><counter type="LINE" missed="0" covered="6"/><counter type="COMPLEXITY" missed="0" covered="5"/><counter type="METHOD" missed="0" covered="1"/></method><method name="decrease" desc="()Lmath/core/Digit;" line="765"><counter type="INSTRUCTION" missed="0" covered="48"/><counter type="BRANCH" missed="0" covered="8"/><counter type="LINE" missed="0" covered="6"/><counter type="COMPLEXITY" missed="0" covered="5"/><counter type="METHOD" missed="0" covered="1"/></method><method name="negate" desc="()Lmath/core/Digit;" line="805"><counter type="INSTRUCTION" missed="0" covered="16"/><counter type="BRANCH" missed="0" covered="2"/><counter type="LINE" missed="0" covered="1"/><counter type="COMPLEXITY" missed="0" covered="2"/><counter type="METHOD" missed="0" covered="1"/></method><method name="abs" desc="()Lmath/core/Digit;" line="831"><counter type="INSTRUCTION" missed="0" covered="11"/><counter type="LINE" missed="0" covered="1"/><counter type="COMPLEXITY" missed="0" covered="1"/><counter type="METHOD" missed="0" covered="1"/></method><method name="inverse" desc="(J)Lmath/core/Digit;" line="859"><counter type="INSTRUCTION" missed="0" covered="11"/><counter type="LINE" missed="0" covered="1"/><counter type="COMPLEXITY" missed="0" covered="1"/><counter type="METHOD" missed="0" covered="1"/></method><method name="inverse" desc="()Lmath/core/Digit;" line="886"><counter type="INSTRUCTION" missed="0" covered="4"/><counter type="LINE" missed="0" covered="1"/><counter type="COMPLEXITY" missed="0" covered="1"/><counter type="METHOD" missed="0" covered="1"/></method><method name="unity" desc="()Lmath/core/Digit;" line="912"><counter type="INSTRUCTION" missed="0" covered="8"/><counter type="LINE" missed="0" covered="1"/><counter type="COMPLEXITY" missed="0" covered="1"/><counter type="METHOD" missed="0" covered="1"/></method><method name="add" desc="(D)Lmath/core/Digit;" line="929"><counter type="INSTRUCTION" missed="0" covered="7"/><counter type="LINE" missed="0" covered="1"/><counter type="COMPLEXITY" missed="0" covered="1"/><counter type="METHOD" missed="0" covered="1"/></method><method name="subtract" desc="(D)Lmath/core/Digit;" line="946"><counter type="INSTRUCTION" missed="0" covered="7"/><counter type="LINE" missed="0" covered="1"/><counter type="COMPLEXITY" missed="0" covered="1"/><counter type="METHOD" missed="0" covered="1"/></method><method name="multiply" desc="(D)Lmath/core/Digit;" line="963"><counter type="INSTRUCTION" missed="0" covered="7"/><counter type="LINE" missed="0" covered="1"/><counter type="COMPLEXITY" missed="0" covered="1"/><counter type="METHOD" missed="0" covered="1"/></method><method name="divide" desc="(DJ)Lmath/core/Digit;" line="981"><counter type="INSTRUCTION" missed="0" covered="8"/><counter type="LINE" missed="0" covered="1"/><counter type="COMPLEXITY" missed="0" covered="1"/><counter type="METHOD" missed="0" covered="1"/></method><method name="divide" desc="(D)Lmath/core/Digit;" line="998"><counter type="INSTRUCTION" missed="0" covered="7"/><counter type="LINE" missed="0" covered="1"/><counter type="COMPLEXITY" missed="0" covered="1"/><counter type="METHOD" missed="0" covered="1"/></method><method name="module" desc="(D)Lmath/core/Digit;" line="1015"><counter type="INSTRUCTION" missed="0" covered="7"/><counter type="LINE" missed="0" covered="1"/><counter type="COMPLEXITY" missed="0" covered="1"/><counter type="METHOD" missed="0" covered="1"/></method><method name="add" desc="(Lmath/core/Digit;)Lmath/core/Digit;" line="1048"><counter type="INSTRUCTION" missed="1" covered="138"/><counter type="BRANCH" missed="1" covered="23"/><counter type="LINE" missed="0" covered="19"/><counter type="COMPLEXITY" missed="1" covered="12"/><counter type="METHOD" missed="0" covered="1"/></method><method name="subtract" desc="(Lmath/core/Digit;)Lmath/core/Digit;" line="1102"><counter type="INSTRUCTION" missed="0" covered="5"/><counter type="LINE" missed="0" covered="1"/><counter type="COMPLEXITY" missed="0" covered="1"/><counter type="METHOD" missed="0" covered="1"/></method><method name="multiply" desc="(Lmath/core/Digit;)Lmath/core/Digit;" line="1133"><counter type="INSTRUCTION" missed="0" covered="98"/><counter type="BRANCH" missed="0" covered="14"/><counter type="LINE" missed="0" covered="15"/><counter type="COMPLEXITY" missed="0" covered="8"/><counter type="METHOD" missed="0" covered="1"/></method><method name="divide" desc="(Lmath/core/Digit;)Lmath/core/Digit;" line="1192"><counter type="INSTRUCTION" missed="0" covered="5"/><counter type="LINE" missed="0" covered="1"/><counter type="COMPLEXITY" missed="0" covered="1"/><counter type="METHOD" missed="0" covered="1"/></method><method name="divide" desc="(Lmath/core/Digit;J)Lmath/core/Digit;" line="1226"><counter type="INSTRUCTION" missed="0" covered="78"/><counter type="BRANCH" missed="0" covered="6"/><counter type="LINE" missed="0" covered="9"/><counter type="COMPLEXITY" missed="0" covered="4"/><counter type="METHOD" missed="0" covered="1"/></method><method name="module" desc="(Lmath/core/Digit;)Lmath/core/Digit;" line="1283"><counter type="INSTRUCTION" missed="5" covered="26"/><counter type="BRANCH" missed="1" covered="3"/><counter type="LINE" missed="0" covered="7"/><counter type="COMPLEXITY" missed="1" covered="2"/><counter type="METHOD" missed="0" covered="1"/></method><method name="setScale" desc="(ILjava/math/RoundingMode;)Lmath/core/Digit;" line="1333"><counter type="INSTRUCTION" missed="41" covered="54"/><counter type="BRANCH" missed="9" covered="13"/><counter type="LINE" missed="8" covered="13"/><counter type="COMPLEXITY" missed="7" covered="5"/><counter type="METHOD" missed="0" covered="1"/></method><method name="RoundingOrTrunk" desc="(Z)Lmath/core/Digit;" line="1383"><counter type="INSTRUCTION" missed="10" covered="19"/><counter type="BRANCH" missed="2" covered="2"/><counter type="LINE" missed="1" covered="2"/><counter type="COMPLEXITY" missed="2" covered="1"/><counter type="METHOD" missed="0" covered="1"/></method><method name="RoundingEven" desc="(IZ)Lmath/core/Digit;" line="1397"><counter type="INSTRUCTION" missed="51" covered="0"/><counter type="BRANCH" missed="4" covered="0"/><counter type="LINE" missed="8" covered="0"/><counter type="COMPLEXITY" missed="3" covered="0"/><counter type="METHOD" missed="1" covered="0"/></method><method name="RoundingHalf" desc="(IZ)Lmath/core/Digit;" line="1425"><counter type="INSTRUCTION" missed="39" covered="35"/><counter type="BRANCH" missed="4" covered="2"/><counter type="LINE" missed="4" covered="6"/><counter type="COMPLEXITY" missed="3" covered="1"/><counter type="METHOD" missed="0" covered="1"/></method><method name="carry" desc="(Ljava/lang/String;Z)I" line="1457"><counter type="INSTRUCTION" missed="3" covered="33"/><counter type="BRANCH" missed="3" covered="5"/><counter type="LINE" missed="0" covered="8"/><counter type="COMPLEXITY" missed="2" covered="3"/><counter type="METHOD" missed="0" covered="1"/></method><counter type="INSTRUCTION" missed="152" covered="1159"/><counter type="BRANCH" missed="28" covered="164"/><counter type="LINE" missed="21" covered="182"/><counter type="COMPLEXITY" missed="23" covered="122"/><counter type="METHOD" missed="1" covered="48"/><counter type="CLASS" missed="0" covered="1"/></class><sourcefile name="Notationer.java"><line nr="70" mi="0" ci="3" mb="0" cb="0"/><line nr="78" mi="0" ci="3" mb="0" cb="0"/><line nr="86" mi="0" ci="3" mb="0" cb="0"/><line nr="109" mi="0" ci="7" mb="0" cb="4"/><line nr="111" mi="0" ci="4" mb="0" cb="0"/><line nr="144" mi="0" ci="5" mb="0" cb="0"/><line nr="146" mi="0" ci="8" mb="0" cb="0"/><line nr="148" mi="0" ci="4" mb="0" cb="0"/><line nr="183" mi="5" ci="0" mb="4" cb="0"/><line nr="185" mi="5" ci="0" mb="0" cb="0"/><line nr="189" mi="5" ci="0" mb="0" cb="0"/><line nr="191" mi="8" ci="0" mb="0" cb="0"/><line nr="193" mi="4" ci="0" mb="0" cb="0"/><line nr="224" mi="0" ci="4" mb="0" cb="0"/><line nr="226" mi="0" ci="8" mb="0" cb="2"/><line nr="227" mi="0" ci="8" mb="0" cb="2"/><line nr="229" mi="0" ci="5" mb="0" cb="0"/><line nr="231" mi="0" ci="7" mb="1" cb="3"/><line nr="233" mi="0" ci="4" mb="0" cb="0"/><line nr="234" mi="0" ci="4" mb="0" cb="0"/><line nr="238" mi="0" ci="3" mb="0" cb="0"/><line nr="268" mi="0" ci="5" mb="0" cb="0"/><line nr="270" mi="0" ci="6" mb="0" cb="2"/><line nr="272" mi="0" ci="5" mb="0" cb="0"/><line nr="274" mi="0" ci="6" mb="0" cb="0"/><line nr="275" mi="0" ci="14" mb="0" cb="2"/><line nr="276" mi="0" ci="10" mb="0" cb="2"/><line nr="278" mi="0" ci="10" mb="0" cb="0"/><line nr="280" mi="0" ci="2" mb="0" cb="2"/><line nr="282" mi="0" ci="7" mb="0" cb="0"/><line nr="284" mi="0" ci="2" mb="0" cb="2"/><line nr="286" mi="0" ci="3" mb="0" cb="2"/><line nr="290" mi="0" ci="8" mb="0" cb="0"/><line nr="292" mi="0" ci="2" mb="0" cb="0"/><line nr="298" mi="0" ci="7" mb="0" cb="0"/><line nr="300" mi="0" ci="2" mb="0" cb="0"/><line nr="306" mi="0" ci="4" mb="0" cb="2"/><line nr="310" mi="0" ci="9" mb="0" cb="0"/><line nr="312" mi="1" ci="5" mb="1" cb="1"/><line nr="316" mi="0" ci="2" mb="0" cb="0"/><line nr="322" mi="0" ci="7" mb="0" cb="0"/><line nr="324" mi="0" ci="2" mb="0" cb="0"/><line nr="354" mi="0" ci="5" mb="0" cb="0"/><line nr="356" mi="0" ci="2" mb="0" cb="0"/><line nr="358" mi="0" ci="5" mb="0" cb="2"/><line nr="360" mi="0" ci="5" mb="0" cb="0"/><line nr="364" mi="0" ci="3" mb="0" cb="0"/><line nr="366" mi="0" ci="7" mb="0" cb="2"/><line nr="368" mi="0" ci="6" mb="0" cb="0"/><line nr="370" mi="0" ci="1" mb="0" cb="0"/><line nr="374" mi="0" ci="4" mb="1" cb="1"/><line nr="376" mi="8" ci="0" mb="2" cb="0"/><line nr="378" mi="7" ci="0" mb="4" cb="0"/><line nr="380" mi="2" ci="0" mb="0" cb="0"/><line nr="382" mi="1" ci="0" mb="0" cb="0"/><line nr="386" mi="5" ci="0" mb="2" cb="0"/><line nr="388" mi="4" ci="0" mb="0" cb="0"/><line nr="394" mi="2" ci="0" mb="0" cb="0"/><line nr="420" mi="0" ci="4" mb="0" cb="0"/><line nr="422" mi="0" ci="19" mb="0" cb="2"/><line nr="448" mi="0" ci="12" mb="0" cb="2"/><line nr="478" mi="0" ci="3" mb="0" cb="0"/><line nr="480" mi="0" ci="7" mb="0" cb="2"/><line nr="482" mi="0" ci="8" mb="0" cb="4"/><line nr="484" mi="0" ci="4" mb="0" cb="0"/><line nr="488" mi="0" ci="6" mb="0" cb="0"/><line nr="492" mi="0" ci="1" mb="0" cb="0"/><counter type="INSTRUCTION" missed="57" covered="300"/><counter type="BRANCH" missed="15" covered="41"/><counter type="LINE" missed="12" covered="55"/><counter type="COMPLEXITY" missed="10" covered="28"/><counter type="METHOD" missed="1" covered="9"/><counter type="CLASS" missed="0" covered="1"/></sourcefile><sourcefile name="Operationer.java"><line nr="57" mi="0" ci="3" mb="0" cb="0"/><line nr="83" mi="0" ci="3" mb="0" cb="0"/><line nr="84" mi="0" ci="3" mb="0" cb="0"/><line nr="87" mi="0" ci="10" mb="0" cb="4"/><line nr="91" mi="0" ci="7" mb="0" cb="2"/><line nr="93" mi="0" ci="4" mb="0" cb="0"/><line nr="94" mi="0" ci="4" mb="0" cb="0"/><line nr="96" mi="0" ci="10" mb="0" cb="4"/><line nr="100" mi="0" ci="2" mb="0" cb="0"/><line nr="128" mi="0" ci="3" mb="0" cb="0"/><line nr="129" mi="0" ci="3" mb="0" cb="0"/><line nr="131" mi="0" ci="7" mb="0" cb="2"/><line nr="133" mi="0" ci="7" mb="0" cb="2"/><line nr="135" mi="0" ci="4" mb="0" cb="0"/><line nr="136" mi="0" ci="4" mb="0" cb="0"/><line nr="138" mi="0" ci="10" mb="0" cb="4"/><line nr="142" mi="0" ci="5" mb="0" cb="2"/><line nr="144" mi="0" ci="7" mb="0" cb="2"/><line nr="171" mi="0" ci="3" mb="0" cb="0"/><line nr="173" mi="0" ci="3" mb="0" cb="2"/><line nr="175" mi="0" ci="2" mb="0" cb="0"/><line nr="179" mi="0" ci="12" mb="0" cb="0"/><line nr="206" mi="0" ci="3" mb="0" cb="0"/><line nr="208" mi="0" ci="3" mb="0" cb="2"/><line nr="210" mi="0" ci="2" mb="0" cb="0"/><line nr="214" mi="0" ci="13" mb="0" cb="0"/><line nr="240" mi="0" ci="5" mb="0" cb="0"/><line nr="266" mi="0" ci="5" mb="0" cb="0"/><line nr="292" mi="0" ci="5" mb="0" cb="0"/><line nr="325" mi="0" ci="3" mb="0" cb="0"/><line nr="327" mi="0" ci="3" mb="0" cb="2"/><line nr="329" mi="0" ci="4" mb="0" cb="0"/><line nr="331" mi="0" ci="3" mb="0" cb="2"/><line nr="333" mi="0" ci="10" mb="0" cb="0"/><line nr="335" mi="0" ci="3" mb="0" cb="2"/><line nr="337" mi="0" ci="16" mb="0" cb="0"/><line nr="347" mi="0" ci="6" mb="0" cb="0"/><line nr="387" mi="0" ci="3" mb="0" cb="0"/><line nr="388" mi="0" ci="3" mb="0" cb="0"/><line nr="390" mi="0" ci="2" mb="0" cb="0"/><line nr="391" mi="0" ci="5" mb="0" cb="0"/><line nr="393" mi="0" ci="20" mb="0" cb="0"/><line nr="395" mi="0" ci="3" mb="0" cb="0"/><line nr="428" mi="0" ci="5" mb="0" cb="0"/><line nr="430" mi="0" ci="5" mb="0" cb="0"/><line nr="432" mi="0" ci="15" mb="0" cb="0"/><line nr="434" mi="0" ci="3" mb="0" cb="0"/><line nr="467" mi="0" ci="5" mb="0" cb="0"/><line nr="469" mi="0" ci="5" mb="0" cb="0"/><line nr="471" mi="0" ci="15" mb="0" cb="0"/><line nr="473" mi="0" ci="5" mb="0" cb="0"/><line nr="501" mi="0" ci="3" mb="0" cb="0"/><line nr="503" mi="0" ci="13" mb="0" cb="0"/><line nr="505" mi="0" ci="4" mb="0" cb="0"/><line nr="539" mi="0" ci="15" mb="0" cb="2"/><line nr="541" mi="0" ci="5" mb="0" cb="0"/><line nr="543" mi="0" ci="2" mb="0" cb="2"/><line nr="545" mi="0" ci="5" mb="0" cb="0"/><line nr="547" mi="0" ci="5" mb="0" cb="2"/><line nr="549" mi="0" ci="13" mb="0" cb="0"/><line nr="553" mi="0" ci="20" mb="0" cb="0"/><line nr="559" mi="0" ci="16" mb="0" cb="0"/><line nr="595" mi="0" ci="8" mb="0" cb="0"/><line nr="597" mi="0" ci="4" mb="0" cb="0"/><line nr="598" mi="0" ci="8" mb="0" cb="0"/><line nr="600" mi="0" ci="8" mb="0" cb="2"/><line nr="602" mi="0" ci="6" mb="0" cb="0"/><line nr="604" mi="0" ci="5" mb="0" cb="0"/><line nr="608" mi="0" ci="5" mb="0" cb="0"/><line nr="610" mi="0" ci="5" mb="0" cb="0"/><line nr="611" mi="0" ci="5" mb="0" cb="0"/><line nr="612" mi="0" ci="2" mb="0" cb="0"/><line nr="614" mi="0" ci="4" mb="0" cb="0"/><line nr="618" mi="0" ci="1" mb="0" cb="0"/><line nr="620" mi="0" ci="2" mb="0" cb="2"/><line nr="622" mi="0" ci="6" mb="0" cb="2"/><line nr="624" mi="0" ci="2" mb="0" cb="2"/><line nr="626" mi="0" ci="2" mb="0" cb="0"/><line nr="627" mi="0" ci="2" mb="0" cb="0"/><line nr="631" mi="0" ci="12" mb="0" cb="0"/><line nr="635" mi="0" ci="11" mb="0" cb="0"/><line nr="639" mi="0" ci="5" mb="0" cb="0"/><line nr="640" mi="0" ci="5" mb="0" cb="0"/><line nr="642" mi="0" ci="2" mb="0" cb="2"/><line nr="644" mi="0" ci="2" mb="0" cb="2"/><line nr="646" mi="0" ci="2" mb="0" cb="0"/><line nr="647" mi="0" ci="2" mb="0" cb="0"/><line nr="651" mi="0" ci="17" mb="0" cb="0"/><line nr="684" mi="0" ci="5" mb="0" cb="0"/><line nr="686" mi="0" ci="11" mb="0" cb="2"/><line nr="688" mi="0" ci="5" mb="0" cb="0"/><line nr="690" mi="0" ci="2" mb="0" cb="0"/><line nr="692" mi="0" ci="2" mb="0" cb="2"/><line nr="694" mi="0" ci="10" mb="0" cb="0"/><line nr="696" mi="0" ci="5" mb="0" cb="0"/><line nr="698" mi="0" ci="6" mb="0" cb="0"/><line nr="702" mi="0" ci="4" mb="0" cb="2"/><line nr="704" mi="0" ci="4" mb="0" cb="0"/><line nr="705" mi="0" ci="4" mb="0" cb="0"/><line nr="709" mi="0" ci="3" mb="1" cb="1"/><line nr="711" mi="0" ci="4" mb="0" cb="0"/><line nr="713" mi="0" ci="3" mb="0" cb="0"/><line nr="717" mi="5" ci="0" mb="0" cb="0"/><line nr="725" mi="0" ci="3" mb="0" cb="0"/><line nr="731" mi="0" ci="4" mb="0" cb="2"/><line nr="733" mi="0" ci="5" mb="0" cb="0"/><line nr="737" mi="0" ci="5" mb="0" cb="0"/><line nr="739" mi="0" ci="3" mb="0" cb="0"/><line nr="740" mi="0" ci="3" mb="0" cb="0"/><line nr="742" mi="0" ci="7" mb="0" cb="2"/><line nr="744" mi="0" ci="4" mb="0" cb="0"/><line nr="746" mi="0" ci="21" mb="0" cb="0"/><line nr="750" mi="0" ci="10" mb="0" cb="0"/><line nr="752" mi="0" ci="8" mb="0" cb="0"/><line nr="754" mi="0" ci="7" mb="0" cb="2"/><line nr="756" mi="0" ci="8" mb="0" cb="0"/><line nr="760" mi="0" ci="5" mb="0" cb="2"/><line nr="762" mi="0" ci="9" mb="0" cb="0"/><line nr="766" mi="0" ci="2" mb="0" cb="0"/><line nr="768" mi="0" ci="4" mb="0" cb="0"/><line nr="775" mi="0" ci="8" mb="0" cb="0"/><line nr="776" mi="0" ci="6" mb="0" cb="0"/><line nr="778" mi="0" ci="10" mb="0" cb="8"/><line nr="780" mi="0" ci="10" mb="0" cb="0"/><line nr="782" mi="0" ci="2" mb="0" cb="0"/><line nr="786" mi="0" ci="2" mb="0" cb="0"/><line nr="788" mi="0" ci="2" mb="0" cb="2"/><line nr="790" mi="0" ci="6" mb="0" cb="0"/><line nr="791" mi="0" ci="4" mb="0" cb="0"/><line nr="792" mi="0" ci="8" mb="0" cb="0"/><line nr="796" mi="0" ci="2" mb="0" cb="0"/><line nr="797" mi="0" ci="2" mb="0" cb="0"/><line nr="799" mi="0" ci="3" mb="0" cb="2"/><line nr="801" mi="0" ci="2" mb="0" cb="0"/><line nr="802" mi="0" ci="2" mb="0" cb="0"/><line nr="806" mi="0" ci="6" mb="0" cb="0"/><line nr="807" mi="0" ci="5" mb="0" cb="0"/><line nr="812" mi="0" ci="2" mb="0" cb="2"/><line nr="814" mi="0" ci="2" mb="0" cb="2"/><line nr="816" mi="0" ci="5" mb="0" cb="0"/><line nr="820" mi="0" ci="2" mb="0" cb="0"/><line nr="824" mi="0" ci="1" mb="0" cb="0"/><line nr="826" mi="0" ci="11" mb="0" cb="0"/><line nr="834" mi="0" ci="17" mb="0" cb="0"/><line nr="836" mi="0" ci="4" mb="0" cb="0"/><line nr="837" mi="0" ci="4" mb="0" cb="0"/><line nr="839" mi="0" ci="5" mb="0" cb="0"/><line nr="841" mi="0" ci="2" mb="0" cb="2"/><line nr="843" mi="0" ci="2" mb="0" cb="0"/><line nr="847" mi="0" ci="1" mb="0" cb="0"/><line nr="849" mi="0" ci="8" mb="0" cb="0"/><line nr="857" mi="0" ci="6" mb="0" cb="0"/><line nr="859" mi="0" ci="6" mb="0" cb="0"/><line nr="860" mi="0" ci="4" mb="0" cb="0"/><line nr="862" mi="0" ci="7" mb="0" cb="0"/><line nr="864" mi="0" ci="2" mb="0" cb="2"/><line nr="866" mi="0" ci="2" mb="0" cb="2"/><line nr="868" mi="0" ci="5" mb="0" cb="0"/><line nr="872" mi="0" ci="2" mb="0" cb="0"/><line nr="876" mi="0" ci="1" mb="0" cb="0"/><line nr="878" mi="0" ci="8" mb="0" cb="0"/><line nr="886" mi="0" ci="4" mb="0" cb="0"/><line nr="888" mi="0" ci="4" mb="0" cb="0"/><line nr="890" mi="0" ci="7" mb="0" cb="2"/><line nr="892" mi="0" ci="7" mb="0" cb="0"/><line nr="894" mi="0" ci="8" mb="0" cb="0"/><line nr="898" mi="0" ci="2" mb="0" cb="0"/><counter type="INSTRUCTION" missed="5" covered="925"/><counter type="BRANCH" missed="1" covered="89"/><counter type="LINE" missed="1" covered="166"/><counter type="COMPLEXITY" missed="1" covered="67"/><counter type="METHOD" missed="0" covered="23"/><counter type="CLASS" missed="0" covered="1"/></sourcefile><sourcefile name="Digit.java"><line nr="123" mi="0" ci="15" mb="0" cb="0"/><line nr="131" mi="0" ci="15" mb="0" cb="0"/><line nr="145" mi="0" ci="2" mb="0" cb="0"/><line nr="147" mi="0" ci="11" mb="0" cb="2"/><line nr="149" mi="0" ci="5" mb="0" cb="0"/><line nr="151" mi="0" ci="9" mb="0" cb="2"/><line nr="152" mi="0" ci="9" mb="0" cb="2"/><line nr="154" mi="0" ci="4" mb="0" cb="4"/><line nr="156" mi="0" ci="4" mb="0" cb="0"/><line nr="160" mi="0" ci="5" mb="0" cb="0"/><line nr="161" mi="0" ci="5" mb="0" cb="0"/><line nr="162" mi="0" ci="5" mb="0" cb="0"/><line nr="163" mi="0" ci="14" mb="0" cb="4"/><line nr="164" mi="0" ci="3" mb="0" cb="0"/><line nr="166" mi="0" ci="1" mb="0" cb="0"/><line nr="181" mi="0" ci="3" mb="0" cb="0"/><line nr="183" mi="0" ci="3" mb="0" cb="0"/><line nr="185" mi="0" ci="1" mb="0" cb="0"/><line nr="199" mi="0" ci="4" mb="0" cb="0"/><line nr="201" mi="0" ci="1" mb="0" cb="0"/><line nr="216" mi="0" ci="3" mb="0" cb="0"/><line nr="218" mi="0" ci="3" mb="0" cb="0"/><line nr="220" mi="0" ci="1" mb="0" cb="0"/><line nr="235" mi="0" ci="5" mb="0" cb="0"/><line nr="237" mi="0" ci="1" mb="0" cb="0"/><line nr="253" mi="0" ci="4" mb="0" cb="0"/><line nr="255" mi="0" ci="3" mb="0" cb="0"/><line nr="257" mi="0" ci="1" mb="0" cb="0"/><line nr="272" mi="0" ci="5" mb="0" cb="0"/><line nr="274" mi="0" ci="1" mb="0" cb="0"/><line nr="290" mi="0" ci="4" mb="0" cb="0"/><line nr="292" mi="0" ci="3" mb="0" cb="0"/><line nr="294" mi="0" ci="1" mb="0" cb="0"/><line nr="311" mi="0" ci="2" mb="0" cb="0"/><line nr="313" mi="0" ci="3" mb="0" cb="0"/><line nr="314" mi="0" ci="6" mb="0" cb="0"/><line nr="315" mi="0" ci="14" mb="0" cb="4"/><line nr="316" mi="0" ci="3" mb="0" cb="0"/><line nr="318" mi="0" ci="1" mb="0" cb="0"/><line nr="334" mi="0" ci="2" mb="0" cb="0"/><line nr="336" mi="0" ci="3" mb="0" cb="0"/><line nr="337" mi="0" ci="3" mb="0" cb="0"/><line nr="338" mi="0" ci="10" mb="0" cb="2"/><line nr="339" mi="0" ci="3" mb="0" cb="0"/><line nr="341" mi="0" ci="1" mb="0" cb="0"/><line nr="359" mi="0" ci="17" mb="0" cb="2"/><line nr="376" mi="0" ci="11" mb="0" cb="2"/><line nr="393" mi="0" ci="10" mb="0" cb="2"/><line nr="395" mi="0" ci="10" mb="0" cb="2"/><line nr="414" mi="0" ci="10" mb="0" cb="2"/><line nr="416" mi="0" ci="10" mb="0" cb="2"/><line nr="435" mi="0" ci="11" mb="0" cb="2"/><line nr="452" mi="0" ci="11" mb="0" cb="2"/><line nr="469" mi="0" ci="11" mb="0" cb="2"/><line nr="484" mi="0" ci="9" mb="0" cb="2"/><line nr="486" mi="0" ci="10" mb="0" cb="2"/><line nr="518" mi="0" ci="5" mb="0" cb="2"/><line nr="519" mi="2" ci="7" mb="2" cb="2"/><line nr="521" mi="0" ci="3" mb="0" cb="0"/><line nr="522" mi="0" ci="8" mb="0" cb="2"/><line nr="555" mi="0" ci="7" mb="0" cb="2"/><line nr="558" mi="0" ci="7" mb="0" cb="2"/><line nr="560" mi="0" ci="8" mb="0" cb="0"/><line nr="562" mi="0" ci="6" mb="0" cb="2"/><line nr="564" mi="0" ci="8" mb="0" cb="0"/><line nr="566" mi="0" ci="6" mb="0" cb="2"/><line nr="568" mi="0" ci="2" mb="0" cb="0"/><line nr="587" mi="0" ci="7" mb="0" cb="0"/><line nr="606" mi="0" ci="12" mb="0" cb="0"/><line nr="633" mi="0" ci="5" mb="0" cb="2"/><line nr="635" mi="0" ci="11" mb="0" cb="4"/><line nr="637" mi="0" ci="2" mb="0" cb="0"/><line nr="664" mi="0" ci="10" mb="0" cb="4"/><line nr="666" mi="0" ci="11" mb="0" cb="4"/><line nr="668" mi="0" ci="2" mb="0" cb="0"/><line nr="695" mi="0" ci="14" mb="1" cb="5"/><line nr="697" mi="0" ci="11" mb="1" cb="3"/><line nr="699" mi="0" ci="2" mb="0" cb="0"/><line nr="725" mi="0" ci="10" mb="0" cb="4"/><line nr="727" mi="0" ci="2" mb="0" cb="2"/><line nr="729" mi="0" ci="3" mb="0" cb="0"/><line nr="731" mi="0" ci="3" mb="0" cb="2"/><line nr="733" mi="0" ci="15" mb="0" cb="0"/><line nr="737" mi="0" ci="15" mb="0" cb="0"/><line nr="765" mi="0" ci="10" mb="0" cb="4"/><line nr="767" mi="0" ci="2" mb="0" cb="2"/><line nr="769" mi="0" ci="3" mb="0" cb="0"/><line nr="771" mi="0" ci="3" mb="0" cb="2"/><line nr="773" mi="0" ci="15" mb="0" cb="0"/><line nr="777" mi="0" ci="15" mb="0" cb="0"/><line nr="805" mi="0" ci="16" mb="0" cb="2"/><line nr="831" mi="0" ci="11" mb="0" cb="0"/><line nr="859" mi="0" ci="11" mb="0" cb="0"/><line nr="886" mi="0" ci="4" mb="0" cb="0"/><line nr="912" mi="0" ci="8" mb="0" cb="0"/><line nr="929" mi="0" ci="7" mb="0" cb="0"/><line nr="946" mi="0" ci="7" mb="0" cb="0"/><line nr="963" mi="0" ci="7" mb="0" cb="0"/><line nr="981" mi="0" ci="8" mb="0" cb="0"/><line nr="998" mi="0" ci="7" mb="0" cb="0"/><line nr="1015" mi="0" ci="7" mb="0" cb="0"/><line nr="1048" mi="0" ci="3" mb="0" cb="0"/><line nr="1050" mi="0" ci="4" mb="0" cb="2"/><line nr="1052" mi="0" ci="3" mb="0" cb="0"/><line nr="1054" mi="0" ci="4" mb="0" cb="2"/><line nr="1056" mi="0" ci="3" mb="0" cb="0"/><line nr="1057" mi="0" ci="3" mb="0" cb="0"/><line nr="1059" mi="0" ci="9" mb="0" cb="4"/><line nr="1061" mi="0" ci="4" mb="0" cb="0"/><line nr="1063" mi="0" ci="6" mb="0" cb="2"/><line nr="1065" mi="0" ci="12" mb="0" cb="4"/><line nr="1067" mi="0" ci="15" mb="0" cb="4"/><line nr="1069" mi="0" ci="15" mb="0" cb="2"/><line nr="1071" mi="0" ci="11" mb="0" cb="0"/><line nr="1073" mi="0" ci="9" mb="0" cb="0"/><line nr="1074" mi="0" ci="8" mb="0" cb="2"/><line nr="1079" mi="0" ci="5" mb="0" cb="0"/><line nr="1081" mi="1" ci="11" mb="1" cb="1"/><line nr="1082" mi="0" ci="4" mb="0" cb="0"/><line nr="1084" mi="0" ci="9" mb="0" cb="0"/><line nr="1102" mi="0" ci="5" mb="0" cb="0"/><line nr="1133" mi="0" ci="11" mb="0" cb="4"/><line nr="1135" mi="0" ci="3" mb="0" cb="0"/><line nr="1137" mi="0" ci="4" mb="0" cb="2"/><line nr="1139" mi="0" ci="3" mb="0" cb="0"/><line nr="1141" mi="0" ci="4" mb="0" cb="2"/><line nr="1143" mi="0" ci="3" mb="0" cb="0"/><line nr="1145" mi="0" ci="5" mb="0" cb="2"/><line nr="1147" mi="0" ci="3" mb="0" cb="0"/><line nr="1149" mi="0" ci="5" mb="0" cb="2"/><line nr="1151" mi="0" ci="8" mb="0" cb="0"/><line nr="1153" mi="0" ci="14" mb="0" cb="0"/><line nr="1155" mi="0" ci="3" mb="0" cb="0"/><line nr="1157" mi="0" ci="10" mb="0" cb="0"/><line nr="1158" mi="0" ci="6" mb="0" cb="0"/><line nr="1160" mi="0" ci="16" mb="0" cb="2"/><line nr="1192" mi="0" ci="5" mb="0" cb="0"/><line nr="1226" mi="0" ci="8" mb="0" cb="2"/><line nr="1228" mi="0" ci="9" mb="0" cb="0"/><line nr="1230" mi="0" ci="9" mb="0" cb="0"/><line nr="1231" mi="0" ci="9" mb="0" cb="0"/><line nr="1233" mi="0" ci="2" mb="0" cb="2"/><line nr="1235" mi="0" ci="7" mb="0" cb="0"/><line nr="1239" mi="0" ci="7" mb="0" cb="0"/><line nr="1243" mi="0" ci="7" mb="0" cb="0"/><line nr="1245" mi="0" ci="20" mb="0" cb="2"/><line nr="1283" mi="5" ci="3" mb="1" cb="1"/><line nr="1285" mi="0" ci="3" mb="0" cb="0"/><line nr="1286" mi="0" ci="3" mb="0" cb="0"/><line nr="1288" mi="0" ci="7" mb="0" cb="0"/><line nr="1290" mi="0" ci="1" mb="0" cb="0"/><line nr="1292" mi="0" ci="1" mb="0" cb="0"/><line nr="1302" mi="0" ci="8" mb="0" cb="2"/><line nr="1333" mi="0" ci="3" mb="0" cb="2"/><line nr="1335" mi="0" ci="5" mb="0" cb="0"/><line nr="1337" mi="0" ci="4" mb="0" cb="2"/><line nr="1339" mi="0" ci="2" mb="0" cb="0"/><line nr="1341" mi="0" ci="3" mb="0" cb="2"/><line nr="1343" mi="1" ci="8" mb="1" cb="1"/><line nr="1345" mi="0" ci="2" mb="0" cb="2"/><line nr="1347" mi="0" ci="10" mb="0" cb="0"/><line nr="1349" mi="0" ci="3" mb="1" cb="1"/><line nr="1351" mi="5" ci="0" mb="0" cb="0"/><line nr="1353" mi="0" ci="3" mb="1" cb="1"/><line nr="1355" mi="10" ci="0" mb="0" cb="0"/><line nr="1357" mi="0" ci="3" mb="1" cb="1"/><line nr="1359" mi="4" ci="0" mb="0" cb="0"/><line nr="1361" mi="0" ci="3" mb="1" cb="1"/><line nr="1363" mi="0" ci="5" mb="0" cb="0"/><line nr="1365" mi="3" ci="0" mb="2" cb="0"/><line nr="1367" mi="5" ci="0" mb="0" cb="0"/><line nr="1369" mi="3" ci="0" mb="2" cb="0"/><line nr="1371" mi="5" ci="0" mb="0" cb="0"/><line nr="1375" mi="5" ci="0" mb="0" cb="0"/><line nr="1383" mi="0" ci="6" mb="2" cb="2"/><line nr="1385" mi="0" ci="13" mb="0" cb="0"/><line nr="1389" mi="10" ci="0" mb="0" cb="0"/><line nr="1397" mi="7" ci="0" mb="0" cb="0"/><line nr="1399" mi="10" ci="0" mb="0" cb="0"/><line nr="1401" mi="10" ci="0" mb="0" cb="0"/><line nr="1403" mi="2" ci="0" mb="2" cb="0"/><line nr="1405" mi="2" ci="0" mb="2" cb="0"/><line nr="1407" mi="2" ci="0" mb="0" cb="0"/><line nr="1411" mi="13" ci="0" mb="0" cb="0"/><line nr="1417" mi="5" ci="0" mb="0" cb="0"/><line nr="1425" mi="0" ci="4" mb="0" cb="0"/><line nr="1427" mi="2" ci="3" mb="1" cb="1"/><line nr="1429" mi="0" ci="8" mb="0" cb="0"/><line nr="1431" mi="0" ci="6" mb="0" cb="0"/><line nr="1433" mi="0" ci="3" mb="1" cb="1"/><line nr="1435" mi="5" ci="0" mb="0" cb="0"/><line nr="1437" mi="5" ci="0" mb="2" cb="0"/><line nr="1439" mi="14" ci="0" mb="0" cb="0"/><line nr="1443" mi="13" ci="0" mb="0" cb="0"/><line nr="1449" mi="0" ci="11" mb="0" cb="0"/><line nr="1457" mi="0" ci="2" mb="0" cb="0"/><line nr="1459" mi="0" ci="4" mb="0" cb="2"/><line nr="1461" mi="0" ci="7" mb="0" cb="0"/><line nr="1465" mi="0" ci="8" mb="0" cb="0"/><line nr="1467" mi="0" ci="2" mb="0" cb="0"/><line nr="1469" mi="3" ci="6" mb="3" cb="3"/><line nr="1471" mi="0" ci="2" mb="0" cb="0"/><line nr="1475" mi="0" ci="2" mb="0" cb="0"/><counter type="INSTRUCTION" missed="152" covered="1159"/><counter type="BRANCH" missed="28" covered="164"/><counter type="LINE" missed="21" covered="182"/><counter type="COMPLEXITY" missed="23" covered="122"/><counter type="METHOD" missed="1" covered="48"/><counter type="CLASS" missed="0" covered="1"/></sourcefile><counter type="INSTRUCTION" missed="214" covered="2384"/><counter type="BRANCH" missed="44" covered="294"/><counter type="LINE" missed="34" covered="403"/><counter type="COMPLEXITY" missed="34" covered="217"/><counter type="METHOD" missed="2" covered="80"/><counter type="CLASS" missed="0" covered="3"/></package><package name="BeyondDouble"><class name="BeyondDouble/App" sourcefilename="App.java"><method name="&lt;init&gt;" desc="()V" line="22"><counter type="INSTRUCTION" missed="0" covered="3"/><counter type="LINE" missed="0" covered="2"/><counter type="COMPLEXITY" missed="0" covered="1"/><counter type="METHOD" missed="0" covered="1"/></method><method name="main" desc="([Ljava/lang/String;)V" line="28"><counter type="INSTRUCTION" missed="0" covered="10"/><counter type="LINE" missed="0" covered="6"/><counter type="COMPLEXITY" missed="0" covered="1"/><counter type="METHOD" missed="0" covered="1"/></method><method name="trigonometry_test" desc="()V" line="120"><counter type="INSTRUCTION" missed="0" covered="1"/><counter type="LINE" missed="0" covered="1"/><counter type="COMPLEXITY" missed="0" covered="1"/><counter type="METHOD" missed="0" covered="1"/></method><method name="taylor_util_test" desc="()V" line="124"><counter type="INSTRUCTION" missed="0" covered="41"/><counter type="BRANCH" missed="0" covered="2"/><counter type="LINE" missed="0" covered="8"/><counter type="COMPLEXITY" missed="0" covered="2"/><counter type="METHOD" missed="0" covered="1"/></method><method name="core_digit_test" desc="()V" line="142"><counter type="INSTRUCTION" missed="0" covered="71"/><counter type="LINE" missed="0" covered="9"/><counter type="COMPLEXITY" missed="0" covered="1"/><counter type="METHOD" missed="0" covered="1"/></method><counter type="INSTRUCTION" missed="0" covered="126"/><counter type="BRANCH" missed="0" covered="2"/><counter type="LINE" missed="0" covered="26"/><counter type="COMPLEXITY" missed="0" covered="6"/><counter type="METHOD" missed="0" covered="5"/><counter type="CLASS" missed="0" covered="1"/></class><sourcefile name="App.java"><line nr="22" mi="0" ci="2" mb="0" cb="0"/><line nr="24" mi="0" ci="1" mb="0" cb="0"/><line nr="28" mi="0" ci="3" mb="0" cb="0"/><line nr="35" mi="0" ci="1" mb="0" cb="0"/><line nr="37" mi="0" ci="1" mb="0" cb="0"/><line nr="39" mi="0" ci="1" mb="0" cb="0"/><line nr="45" mi="0" ci="3" mb="0" cb="0"/><line nr="47" mi="0" ci="1" mb="0" cb="0"/><line nr="120" mi="0" ci="1" mb="0" cb="0"/><line nr="124" mi="0" ci="2" mb="0" cb="0"/><line nr="125" mi="0" ci="2" mb="0" cb="0"/><line nr="127" mi="0" ci="5" mb="0" cb="0"/><line nr="129" mi="0" ci="10" mb="0" cb="0"/><line nr="130" mi="0" ci="6" mb="0" cb="0"/><line nr="132" mi="0" ci="7" mb="0" cb="2"/><line nr="134" mi="0" ci="8" mb="0" cb="0"/><line nr="138" mi="0" ci="1" mb="0" cb="0"/><line nr="142" mi="0" ci="2" mb="0" cb="0"/><line nr="143" mi="0" ci="2" mb="0" cb="0"/><line nr="145" mi="0" ci="5" mb="0" cb="0"/><line nr="147" mi="0" ci="12" mb="0" cb="0"/><line nr="148" mi="0" ci="12" mb="0" cb="0"/><line nr="149" mi="0" ci="12" mb="0" cb="0"/><line nr="150" mi="0" ci="13" mb="0" cb="0"/><line nr="151" mi="0" ci="12" mb="0" cb="0"/><line nr="153" mi="0" ci="1" mb="0" cb="0"/><counter type="INSTRUCTION" missed="0" covered="126"/><counter type="BRANCH" missed="0" covered="2"/><counter type="LINE" missed="0" covered="26"/><counter type="COMPLEXITY" missed="0" covered="6"/><counter type="METHOD" missed="0" covered="5"/><counter type="CLASS" missed="0" covered="1"/></sourcefile><counter type="INSTRUCTION" missed="0" covered="126"/><counter type="BRANCH" missed="0" covered="2"/><counter type="LINE" missed="0" covered="26"/><counter type="COMPLEXITY" missed="0" covered="6"/><counter type="METHOD" missed="0" covered="5"/><counter type="CLASS" missed="0" covered="1"/></package><package name="math/core/interfaces"><class name="math/core/interfaces/EnhancedOperable" sourcefilename="EnhancedOperable.java"/><class name="math/core/interfaces/Operable" sourcefilename="Operable.java"/><sourcefile name="Operable.java"/><sourcefile name="EnhancedOperable.java"/></package><package name="math/core/exceptions"><class name="math/core/exceptions/UndeterminedException" sourcefilename="UndeterminedException.java"><method name="&lt;init&gt;" desc="(Ljava/lang/String;)V" line="53"><counter type="INSTRUCTION" missed="0" covered="4"/><counter type="LINE" missed="0" covered="2"/><counter type="COMPLEXITY" missed="0" covered="1"/><counter type="METHOD" missed="0" covered="1"/></method><counter type="INSTRUCTION" missed="0" covered="4"/><counter type="LINE" missed="0" covered="2"/><counter type="COMPLEXITY" missed="0" covered="1"/><counter type="METHOD" missed="0" covered="1"/><counter type="CLASS" missed="0" covered="1"/></class><class name="math/core/exceptions/IllegalNumberFormatException" sourcefilename="IllegalNumberFormatException.java"><method name="&lt;init&gt;" desc="(Ljava/lang/String;)V" line="52"><counter type="INSTRUCTION" missed="0" covered="4"/><counter type="LINE" missed="0" covered="2"/><counter type="COMPLEXITY" missed="0" covered="1"/><counter type="METHOD" missed="0" covered="1"/></method><counter type="INSTRUCTION" missed="0" covered="4"/><counter type="LINE" missed="0" covered="2"/><counter type="COMPLEXITY" missed="0" covered="1"/><counter type="METHOD" missed="0" covered="1"/><counter type="CLASS" missed="0" covered="1"/></class><sourcefile name="UndeterminedException.java"><line nr="53" mi="0" ci="3" mb="0" cb="0"/><line nr="55" mi="0" ci="1" mb="0" cb="0"/><counter type="INSTRUCTION" missed="0" covered="4"/><counter type="LINE" missed="0" covered="2"/><counter type="COMPLEXITY" missed="0" covered="1"/><counter type="METHOD" missed="0" covered="1"/><counter type="CLASS" missed="0" covered="1"/></sourcefile><sourcefile name="IllegalNumberFormatException.java"><line nr="52" mi="0" ci="3" mb="0" cb="0"/><line nr="54" mi="0" ci="1" mb="0" cb="0"/><counter type="INSTRUCTION" missed="0" covered="4"/><counter type="LINE" missed="0" covered="2"/><counter type="COMPLEXITY" missed="0" covered="1"/><counter type="METHOD" missed="0" covered="1"/><counter type="CLASS" missed="0" covered="1"/></sourcefile><counter type="INSTRUCTION" missed="0" covered="8"/><counter type="LINE" missed="0" covered="4"/><counter type="COMPLEXITY" missed="0" covered="2"/><counter type="METHOD" missed="0" covered="2"/><counter type="CLASS" missed="0" covered="2"/></package><package name="math/taylor"><class name="math/taylor/Trigonometry" sourcefilename="Trigonometry.java"><method name="&lt;init&gt;" desc="()V" line="61"><counter type="INSTRUCTION" missed="0" covered="3"/><counter type="LINE" missed="0" covered="1"/><counter type="COMPLEXITY" missed="0" covered="1"/><counter type="METHOD" missed="0" covered="1"/></method><method name="PI" desc="()Lmath/core/Digit;" line="87"><counter type="INSTRUCTION" missed="0" covered="6"/><counter type="LINE" missed="0" covered="1"/><counter type="COMPLEXITY" missed="0" covered="1"/><counter type="METHOD" missed="0" covered="1"/></method><method name="sin" desc="(Lmath/core/Digit;)Lmath/core/Digit;" line="116"><counter type="INSTRUCTION" missed="0" covered="7"/><counter type="LINE" missed="0" covered="1"/><counter type="COMPLEXITY" missed="0" covered="1"/><counter type="METHOD" missed="0" covered="1"/></method><method name="cos" desc="(Lmath/core/Digit;)Lmath/core/Digit;" line="145"><counter type="INSTRUCTION" missed="0" covered="7"/><counter type="LINE" missed="0" covered="1"/><counter type="COMPLEXITY" missed="0" covered="1"/><counter type="METHOD" missed="0" covered="1"/></method><method name="tan" desc="(Lmath/core/Digit;)Lmath/core/Digit;" line="174"><counter type="INSTRUCTION" missed="0" covered="8"/><counter type="LINE" missed="0" covered="1"/><counter type="COMPLEXITY" missed="0" covered="1"/><counter type="METHOD" missed="0" covered="1"/></method><method name="csc" desc="(Lmath/core/Digit;)Lmath/core/Digit;" line="203"><counter type="INSTRUCTION" missed="0" covered="9"/><counter type="LINE" missed="0" covered="1"/><counter type="COMPLEXITY" missed="0" covered="1"/><counter type="METHOD" missed="0" covered="1"/></method><method name="sec" desc="(Lmath/core/Digit;)Lmath/core/Digit;" line="232"><counter type="INSTRUCTION" missed="0" covered="8"/><counter type="LINE" missed="0" covered="1"/><counter type="COMPLEXITY" missed="0" covered="1"/><counter type="METHOD" missed="0" covered="1"/></method><method name="cot" desc="(Lmath/core/Digit;)Lmath/core/Digit;" line="261"><counter type="INSTRUCTION" missed="0" covered="8"/><counter type="LINE" missed="0" covered="1"/><counter type="COMPLEXITY" missed="0" covered="1"/><counter type="METHOD" missed="0" covered="1"/></method><method name="arcsin" desc="(Lmath/core/Digit;)Lmath/core/Digit;" line="289"><counter type="INSTRUCTION" missed="0" covered="7"/><counter type="LINE" missed="0" covered="1"/><counter type="COMPLEXITY" missed="0" covered="1"/><counter type="METHOD" missed="0" covered="1"/></method><method name="arccos" desc="(Lmath/core/Digit;)Lmath/core/Digit;" line="317"><counter type="INSTRUCTION" missed="0" covered="12"/><counter type="LINE" missed="0" covered="1"/><counter type="COMPLEXITY" missed="0" covered="1"/><counter type="METHOD" missed="0" covered="1"/></method><method name="arctan" desc="(Lmath/core/Digit;)Lmath/core/Digit;" line="346"><counter type="INSTRUCTION" missed="1" covered="26"/><counter type="BRANCH" missed="1" covered="3"/><counter type="LINE" missed="0" covered="4"/><counter type="COMPLEXITY" missed="1" covered="2"/><counter type="METHOD" missed="0" covered="1"/></method><method name="arccsc" desc="(Lmath/core/Digit;)Lmath/core/Digit;" line="382"><counter type="INSTRUCTION" missed="8" covered="0"/><counter type="LINE" missed="1" covered="0"/><counter type="COMPLEXITY" missed="1" covered="0"/><counter type="METHOD" missed="1" covered="0"/></method><method name="arcsec" desc="(Lmath/core/Digit;)Lmath/core/Digit;" line="410"><counter type="INSTRUCTION" missed="13" covered="0"/><counter type="LINE" missed="1" covered="0"/><counter type="COMPLEXITY" missed="1" covered="0"/><counter type="METHOD" missed="1" covered="0"/></method><method name="arccot" desc="(Lmath/core/Digit;)Lmath/core/Digit;" line="439"><counter type="INSTRUCTION" missed="7" covered="0"/><counter type="LINE" missed="1" covered="0"/><counter type="COMPLEXITY" missed="1" covered="0"/><counter type="METHOD" missed="1" covered="0"/></method><method name="asyncArcsin" desc="(Lmath/core/Digit;II)Ljava/util/concurrent/CompletableFuture;" line="445"><counter type="INSTRUCTION" missed="0" covered="40"/><counter type="BRANCH" missed="0" covered="2"/><counter type="LINE" missed="0" covered="7"/><counter type="COMPLEXITY" missed="0" covered="2"/><counter type="METHOD" missed="0" covered="1"/></method><method name="asyncActan_v2" desc="(Lmath/core/Digit;II)Ljava/util/concurrent/CompletableFuture;" line="469"><counter type="INSTRUCTION" missed="0" covered="22"/><counter type="LINE" missed="0" covered="5"/><counter type="COMPLEXITY" missed="0" covered="1"/><counter type="METHOD" missed="0" covered="1"/></method><method name="asyncArctan" desc="(Lmath/core/Digit;II)Ljava/util/concurrent/CompletableFuture;" line="481"><counter type="INSTRUCTION" missed="0" covered="40"/><counter type="BRANCH" missed="0" covered="2"/><counter type="LINE" missed="0" covered="7"/><counter type="COMPLEXITY" missed="0" covered="2"/><counter type="METHOD" missed="0" covered="1"/></method><method name="asyncTanOrCot" desc="(Lmath/core/Digit;IIZ)Ljava/util/concurrent/CompletableFuture;" line="505"><counter type="INSTRUCTION" missed="0" covered="24"/><counter type="BRANCH" missed="0" covered="2"/><counter type="LINE" missed="0" covered="5"/><counter type="COMPLEXITY" missed="0" covered="2"/><counter type="METHOD" missed="0" covered="1"/></method><method name="asyncCos" desc="(Lmath/core/Digit;II)Ljava/util/concurrent/CompletableFuture;" line="520"><counter type="INSTRUCTION" missed="0" covered="40"/><counter type="BRANCH" missed="0" covered="2"/><counter type="LINE" missed="0" covered="7"/><counter type="COMPLEXITY" missed="0" covered="2"/><counter type="METHOD" missed="0" covered="1"/></method><method name="asyncSin" desc="(Lmath/core/Digit;II)Ljava/util/concurrent/CompletableFuture;" line="544"><counter type="INSTRUCTION" missed="0" covered="40"/><counter type="BRANCH" missed="0" covered="2"/><counter type="LINE" missed="0" covered="7"/><counter type="COMPLEXITY" missed="0" covered="2"/><counter type="METHOD" missed="0" covered="1"/></method><method name="asyncArrayAddition" desc="([Ljava/util/concurrent/CompletableFuture;II)Ljava/util/concurrent/CompletableFuture;" line="568"><counter type="INSTRUCTION" missed="0" covered="48"/><counter type="BRANCH" missed="0" covered="4"/><counter type="LINE" missed="0" covered="9"/><counter type="COMPLEXITY" missed="0" covered="3"/><counter type="METHOD" missed="0" covered="1"/></method><method name="computeSinOrCosTerm" desc="(Lmath/core/Digit;IIZ)Lmath/core/Digit;" line="591"><counter type="INSTRUCTION" missed="0" covered="28"/><counter type="BRANCH" missed="0" covered="2"/><counter type="LINE" missed="0" covered="5"/><counter type="COMPLEXITY" missed="0" covered="2"/><counter type="METHOD" missed="0" covered="1"/></method><method name="computeArcsinTerm" desc="(Lmath/core/Digit;II)Lmath/core/Digit;" line="632"><counter type="INSTRUCTION" missed="0" covered="25"/><counter type="LINE" missed="0" covered="4"/><counter type="COMPLEXITY" missed="0" covered="1"/><counter type="METHOD" missed="0" covered="1"/></method><method name="computeArctanTerm" desc="(Lmath/core/Digit;II)Lmath/core/Digit;" line="653"><counter type="INSTRUCTION" missed="0" covered="24"/><counter type="LINE" missed="0" covered="5"/><counter type="COMPLEXITY" missed="0" covered="1"/><counter type="METHOD" missed="0" covered="1"/></method><method name="asyncPI" desc="(II)Ljava/util/concurrent/CompletableFuture;" line="669"><counter type="INSTRUCTION" missed="0" covered="33"/><counter type="LINE" missed="0" covered="6"/><counter type="COMPLEXITY" missed="0" covered="1"/><counter type="METHOD" missed="0" covered="1"/></method><method name="parallelArctan" desc="(IILmath/core/Digit;ILjava/util/concurrent/ExecutorService;)Lmath/core/Digit;" line="696"><counter type="INSTRUCTION" missed="79" covered="10"/><counter type="BRANCH" missed="7" covered="1"/><counter type="LINE" missed="18" covered="2"/><counter type="COMPLEXITY" missed="4" covered="1"/><counter type="METHOD" missed="0" covered="1"/></method><method name="computePartialArctan" desc="(IIILmath/core/Digit;I)Lmath/core/Digit;" line="752"><counter type="INSTRUCTION" missed="5" covered="75"/><counter type="BRANCH" missed="1" covered="3"/><counter type="LINE" missed="1" covered="14"/><counter type="COMPLEXITY" missed="1" covered="2"/><counter type="METHOD" missed="0" covered="1"/></method><method name="lambda$parallelArctan$1" desc="(I[Ljava/util/concurrent/CompletableFuture;Ljava/lang/Void;)Lmath/core/Digit;" line="736"><counter type="INSTRUCTION" missed="22" covered="0"/><counter type="BRANCH" missed="2" covered="0"/><counter type="LINE" missed="4" covered="0"/><counter type="COMPLEXITY" missed="2" covered="0"/><counter type="METHOD" missed="1" covered="0"/></method><method name="lambda$parallelArctan$0" desc="(IIILmath/core/Digit;I)Lmath/core/Digit;" line="730"><counter type="INSTRUCTION" missed="7" covered="0"/><counter type="LINE" missed="1" covered="0"/><counter type="COMPLEXITY" missed="1" covered="0"/><counter type="METHOD" missed="1" covered="0"/></method><method name="lambda$asyncPI$2" desc="(Ljava/util/concurrent/ExecutorService;Lmath/core/Digit;Lmath/core/Digit;)Lmath/core/Digit;" line="680"><counter type="INSTRUCTION" missed="0" covered="15"/><counter type="LINE" missed="0" covered="4"/><counter type="COMPLEXITY" missed="0" covered="1"/><counter type="METHOD" missed="0" covered="1"/></method><method name="lambda$asyncPI$1" desc="(Lmath/core/Digit;ILjava/util/concurrent/ExecutorService;)Lmath/core/Digit;" line="676"><counter type="INSTRUCTION" missed="0" covered="7"/><counter type="LINE" missed="0" covered="1"/><counter type="COMPLEXITY" missed="0" covered="1"/><counter type="METHOD" missed="0" covered="1"/></method><method name="lambda$asyncPI$0" desc="(ILmath/core/Digit;ILjava/util/concurrent/ExecutorService;)Lmath/core/Digit;" line="674"><counter type="INSTRUCTION" missed="0" covered="7"/><counter type="LINE" missed="0" covered="1"/><counter type="COMPLEXITY" missed="0" covered="1"/><counter type="METHOD" missed="0" covered="1"/></method><method name="lambda$computeArctanTerm$2" desc="(IILmath/core/Digit;Lmath/core/Digit;)Lmath/core/Digit;" line="661"><counter type="INSTRUCTION" missed="0" covered="17"/><counter type="BRANCH" missed="0" covered="2"/><counter type="LINE" missed="0" covered="1"/><counter type="COMPLEXITY" missed="0" covered="2"/><counter type="METHOD" missed="0" covered="1"/></method><method name="lambda$computeArctanTerm$1" desc="(I)Lmath/core/Digit;" line="657"><counter type="INSTRUCTION" missed="0" covered="6"/><counter type="LINE" missed="0" covered="1"/><counter type="COMPLEXITY" missed="0" covered="1"/><counter type="METHOD" missed="0" covered="1"/></method><method name="lambda$computeArctanTerm$0" desc="(Lmath/core/Digit;I)Lmath/core/Digit;" line="655"><counter type="INSTRUCTION" missed="0" covered="4"/><counter type="LINE" missed="0" covered="1"/><counter type="COMPLEXITY" missed="0" covered="1"/><counter type="METHOD" missed="0" covered="1"/></method><method name="lambda$computeArcsinTerm$2" desc="(IILmath/core/Digit;Lmath/core/Digit;)Lmath/core/Digit;" line="647"><counter type="INSTRUCTION" missed="0" covered="12"/><counter type="LINE" missed="0" covered="1"/><counter type="COMPLEXITY" missed="0" covered="1"/><counter type="METHOD" missed="0" covered="1"/></method><method name="lambda$computeArcsinTerm$1" desc="(Lmath/core/Digit;I)Lmath/core/Digit;" line="645"><counter type="INSTRUCTION" missed="0" covered="4"/><counter type="LINE" missed="0" covered="1"/><counter type="COMPLEXITY" missed="0" covered="1"/><counter type="METHOD" missed="0" covered="1"/></method><method name="lambda$computeArcsinTerm$0" desc="(II)Lmath/core/Digit;" line="637"><counter type="INSTRUCTION" missed="0" covered="25"/><counter type="LINE" missed="0" covered="3"/><counter type="COMPLEXITY" missed="0" covered="1"/><counter type="METHOD" missed="0" covered="1"/></method><method name="lambda$computeSinOrCosTerm$2" desc="(IILmath/core/Digit;Lmath/core/Digit;)Lmath/core/Digit;" line="599"><counter type="INSTRUCTION" missed="0" covered="17"/><counter type="BRANCH" missed="0" covered="2"/><counter type="LINE" missed="0" covered="1"/><counter type="COMPLEXITY" missed="0" covered="2"/><counter type="METHOD" missed="0" covered="1"/></method><method name="lambda$computeSinOrCosTerm$1" desc="(I)Lmath/core/Digit;" line="595"><counter type="INSTRUCTION" missed="0" covered="4"/><counter type="LINE" missed="0" covered="1"/><counter type="COMPLEXITY" missed="0" covered="1"/><counter type="METHOD" missed="0" covered="1"/></method><method name="lambda$computeSinOrCosTerm$0" desc="(Lmath/core/Digit;I)Lmath/core/Digit;" line="593"><counter type="INSTRUCTION" missed="0" covered="4"/><counter type="LINE" missed="0" covered="1"/><counter type="COMPLEXITY" missed="0" covered="1"/><counter type="METHOD" missed="0" covered="1"/></method><method name="lambda$asyncArrayAddition$1" desc="(Lmath/core/Digit;Lmath/core/Digit;)Lmath/core/Digit;" line="585"><counter type="INSTRUCTION" missed="0" covered="4"/><counter type="LINE" missed="0" covered="1"/><counter type="COMPLEXITY" missed="0" covered="1"/><counter type="METHOD" missed="0" covered="1"/></method><method name="lambda$asyncArrayAddition$0" desc="(Lmath/core/Digit;Lmath/core/Digit;)Lmath/core/Digit;" line="576"><counter type="INSTRUCTION" missed="0" covered="4"/><counter type="LINE" missed="0" covered="1"/><counter type="COMPLEXITY" missed="0" covered="1"/><counter type="METHOD" missed="0" covered="1"/></method><method name="lambda$asyncSin$1" desc="(Ljava/util/concurrent/ExecutorService;Lmath/core/Digit;)Lmath/core/Digit;" line="559"><counter type="INSTRUCTION" missed="0" covered="4"/><counter type="LINE" missed="0" covered="2"/><counter type="COMPLEXITY" missed="0" covered="1"/><counter type="METHOD" missed="0" covered="1"/></method><method name="lambda$asyncSin$0" desc="(Lmath/core/Digit;II)Lmath/core/Digit;" line="553"><counter type="INSTRUCTION" missed="0" covered="6"/><counter type="LINE" missed="0" covered="1"/><counter type="COMPLEXITY" missed="0" covered="1"/><counter type="METHOD" missed="0" covered="1"/></method><method name="lambda$asyncCos$1" desc="(Ljava/util/concurrent/ExecutorService;Lmath/core/Digit;)Lmath/core/Digit;" line="535"><counter type="INSTRUCTION" missed="0" covered="4"/><counter type="LINE" missed="0" covered="2"/><counter type="COMPLEXITY" missed="0" covered="1"/><counter type="METHOD" missed="0" covered="1"/></method><method name="lambda$asyncCos$0" desc="(Lmath/core/Digit;II)Lmath/core/Digit;" line="529"><counter type="INSTRUCTION" missed="0" covered="6"/><counter type="LINE" missed="0" covered="1"/><counter type="COMPLEXITY" missed="0" covered="1"/><counter type="METHOD" missed="0" covered="1"/></method><method name="lambda$asyncTanOrCot$1" desc="(ILmath/core/Digit;Lmath/core/Digit;)Lmath/core/Digit;" line="514"><counter type="INSTRUCTION" missed="0" covered="6"/><counter type="LINE" missed="0" covered="1"/><counter type="COMPLEXITY" missed="0" covered="1"/><counter type="METHOD" missed="0" covered="1"/></method><method name="lambda$asyncTanOrCot$0" desc="(ILmath/core/Digit;Lmath/core/Digit;)Lmath/core/Digit;" line="510"><counter type="INSTRUCTION" missed="0" covered="6"/><counter type="LINE" missed="0" covered="1"/><counter type="COMPLEXITY" missed="0" covered="1"/><counter type="METHOD" missed="0" covered="1"/></method><method name="lambda$asyncArctan$1" desc="(Ljava/util/concurrent/ExecutorService;Lmath/core/Digit;)Lmath/core/Digit;" line="496"><counter type="INSTRUCTION" missed="0" covered="4"/><counter type="LINE" missed="0" covered="2"/><counter type="COMPLEXITY" missed="0" covered="1"/><counter type="METHOD" missed="0" covered="1"/></method><method name="lambda$asyncArctan$0" desc="(Lmath/core/Digit;II)Lmath/core/Digit;" line="490"><counter type="INSTRUCTION" missed="0" covered="5"/><counter type="LINE" missed="0" covered="1"/><counter type="COMPLEXITY" missed="0" covered="1"/><counter type="METHOD" missed="0" covered="1"/></method><method name="lambda$asyncActan_v2$2" desc="(Lmath/core/Digit;Lmath/core/Digit;)Lmath/core/Digit;" line="475"><counter type="INSTRUCTION" missed="0" covered="5"/><counter type="LINE" missed="0" covered="1"/><counter type="COMPLEXITY" missed="0" covered="1"/><counter type="METHOD" missed="0" covered="1"/></method><method name="lambda$asyncActan_v2$1" desc="(Lmath/core/Digit;)Lmath/core/Digit;" line="473"><counter type="INSTRUCTION" missed="0" covered="4"/><counter type="LINE" missed="0" covered="1"/><counter type="COMPLEXITY" missed="0" covered="1"/><counter type="METHOD" missed="0" covered="1"/></method><method name="lambda$asyncActan_v2$0" desc="()Lmath/core/Digit;" line="472"><counter type="INSTRUCTION" missed="0" covered="5"/><counter type="LINE" missed="0" covered="1"/><counter type="COMPLEXITY" missed="0" covered="1"/><counter type="METHOD" missed="0" covered="1"/></method><method name="lambda$asyncArcsin$1" desc="(Ljava/util/concurrent/ExecutorService;Lmath/core/Digit;)Lmath/core/Digit;" line="460"><counter type="INSTRUCTION" missed="0" covered="4"/><counter type="LINE" missed="0" covered="2"/><counter type="COMPLEXITY" missed="0" covered="1"/><counter type="METHOD" missed="0" covered="1"/></method><method name="lambda$asyncArcsin$0" desc="(Lmath/core/Digit;II)Lmath/core/Digit;" line="454"><counter type="INSTRUCTION" missed="0" covered="5"/><counter type="LINE" missed="0" covered="1"/><counter type="COMPLEXITY" missed="0" covered="1"/><counter type="METHOD" missed="0" covered="1"/></method><method name="&lt;clinit&gt;" desc="()V" line="53"><counter type="INSTRUCTION" missed="0" covered="6"/><counter type="LINE" missed="0" covered="1"/><counter type="COMPLEXITY" missed="0" covered="1"/><counter type="METHOD" missed="0" covered="1"/></method><counter type="INSTRUCTION" missed="142" covered="750"/><counter type="BRANCH" missed="11" covered="27"/><counter type="LINE" missed="26" covered="115"/><counter type="COMPLEXITY" missed="12" covered="64"/><counter type="METHOD" missed="5" covered="52"/><counter type="CLASS" missed="0" covered="1"/></class><class name="math/taylor/Util" sourcefilename="Util.java"><method name="&lt;init&gt;" desc="()V" line="88"><counter type="INSTRUCTION" missed="0" covered="3"/><counter type="LINE" missed="0" covered="1"/><counter type="COMPLEXITY" missed="0" covered="1"/><counter type="METHOD" missed="0" covered="1"/></method><method name="power" desc="(Lmath/core/Digit;I)Lmath/core/Digit;" line="119"><counter type="INSTRUCTION" missed="6" covered="18"/><counter type="BRANCH" missed="1" covered="5"/><counter type="LINE" missed="1" covered="6"/><counter type="COMPLEXITY" missed="1" covered="3"/><counter type="METHOD" missed="0" covered="1"/></method><method name="factorial" desc="(J)Lmath/core/Digit;" line="160"><counter type="INSTRUCTION" missed="0" covered="15"/><counter type="BRANCH" missed="0" covered="2"/><counter type="LINE" missed="0" covered="3"/><counter type="COMPLEXITY" missed="0" covered="2"/><counter type="METHOD" missed="0" covered="1"/></method><method name="asyncFactorialRange" desc="(JJ)Ljava/util/concurrent/CompletableFuture;" line="172"><counter type="INSTRUCTION" missed="0" covered="6"/><counter type="LINE" missed="0" covered="1"/><counter type="COMPLEXITY" missed="0" covered="1"/><counter type="METHOD" missed="0" covered="1"/></method><method name="sequentialProduct" desc="(JJ)Lmath/core/Digit;" line="194"><counter type="INSTRUCTION" missed="0" covered="26"/><counter type="BRANCH" missed="0" covered="2"/><counter type="LINE" missed="0" covered="4"/><counter type="COMPLEXITY" missed="0" covered="2"/><counter type="METHOD" missed="0" covered="1"/></method><method name="asyncBinaryPower" desc="(Lmath/core/Digit;I)Ljava/util/concurrent/CompletableFuture;" line="208"><counter type="INSTRUCTION" missed="0" covered="32"/><counter type="BRANCH" missed="0" covered="4"/><counter type="LINE" missed="0" covered="7"/><counter type="COMPLEXITY" missed="0" covered="3"/><counter type="METHOD" missed="0" covered="1"/></method><method name="lambda$asyncBinaryPower$1" desc="(ILmath/core/Digit;Lmath/core/Digit;)Ljava/util/concurrent/CompletionStage;" line="225"><counter type="INSTRUCTION" missed="0" covered="15"/><counter type="BRANCH" missed="0" covered="2"/><counter type="LINE" missed="0" covered="4"/><counter type="COMPLEXITY" missed="0" covered="2"/><counter type="METHOD" missed="0" covered="1"/></method><method name="lambda$asyncBinaryPower$0" desc="(Lmath/core/Digit;I)Lmath/core/Digit;" line="221"><counter type="INSTRUCTION" missed="0" covered="6"/><counter type="LINE" missed="0" covered="1"/><counter type="COMPLEXITY" missed="0" covered="1"/><counter type="METHOD" missed="0" covered="1"/></method><method name="lambda$asyncFactorialRange$0" desc="(JJ)Lmath/core/Digit;" line="174"><counter type="INSTRUCTION" missed="0" covered="37"/><counter type="BRANCH" missed="0" covered="2"/><counter type="LINE" missed="0" covered="7"/><counter type="COMPLEXITY" missed="0" covered="2"/><counter type="METHOD" missed="0" covered="1"/></method><method name="lambda$asyncFactorialRange$1" desc="(Lmath/core/Digit;Lmath/core/Digit;)Lmath/core/Digit;" line="186"><counter type="INSTRUCTION" missed="0" covered="4"/><counter type="LINE" missed="0" covered="1"/><counter type="COMPLEXITY" missed="0" covered="1"/><counter type="METHOD" missed="0" covered="1"/></method><method name="&lt;clinit&gt;" desc="()V" line="79"><counter type="INSTRUCTION" missed="0" covered="5"/><counter type="LINE" missed="0" covered="1"/><counter type="COMPLEXITY" missed="0" covered="1"/><counter type="METHOD" missed="0" covered="1"/></method><counter type="INSTRUCTION" missed="6" covered="167"/><counter type="BRANCH" missed="1" covered="17"/><counter type="LINE" missed="1" covered="34"/><counter type="COMPLEXITY" missed="1" covered="19"/><counter type="METHOD" missed="0" covered="11"/><counter type="CLASS" missed="0" covered="1"/></class><sourcefile name="Trigonometry.java"><line nr="53" mi="0" ci="6" mb="0" cb="0"/><line nr="61" mi="0" ci="3" mb="0" cb="0"/><line nr="87" mi="0" ci="6" mb="0" cb="0"/><line nr="116" mi="0" ci="7" mb="0" cb="0"/><line nr="145" mi="0" ci="7" mb="0" cb="0"/><line nr="174" mi="0" ci="8" mb="0" cb="0"/><line nr="203" mi="0" ci="9" mb="0" cb="0"/><line nr="232" mi="0" ci="8" mb="0" cb="0"/><line nr="261" mi="0" ci="8" mb="0" cb="0"/><line nr="289" mi="0" ci="7" mb="0" cb="0"/><line nr="317" mi="0" ci="12" mb="0" cb="0"/><line nr="346" mi="0" ci="4" mb="0" cb="2"/><line nr="348" mi="0" ci="8" mb="0" cb="0"/><line nr="350" mi="1" ci="7" mb="1" cb="1"/><line nr="354" mi="0" ci="7" mb="0" cb="0"/><line nr="382" mi="8" ci="0" mb="0" cb="0"/><line nr="410" mi="13" ci="0" mb="0" cb="0"/><line nr="439" mi="7" ci="0" mb="0" cb="0"/><line nr="445" mi="0" ci="5" mb="0" cb="0"/><line nr="446" mi="0" ci="3" mb="0" cb="0"/><line nr="448" mi="0" ci="3" mb="0" cb="0"/><line nr="450" mi="0" ci="7" mb="0" cb="2"/><line nr="452" mi="0" ci="2" mb="0" cb="0"/><line nr="454" mi="0" ci="14" mb="0" cb="0"/><line nr="458" mi="0" ci="11" mb="0" cb="0"/><line nr="460" mi="0" ci="2" mb="0" cb="0"/><line nr="461" mi="0" ci="2" mb="0" cb="0"/><line nr="469" mi="0" ci="5" mb="0" cb="0"/><line nr="470" mi="0" ci="3" mb="0" cb="0"/><line nr="472" mi="0" ci="9" mb="0" cb="0"/><line nr="473" mi="0" ci="9" mb="0" cb="0"/><line nr="475" mi="0" ci="10" mb="0" cb="0"/><line nr="481" mi="0" ci="5" mb="0" cb="0"/><line nr="482" mi="0" ci="3" mb="0" cb="0"/><line nr="484" mi="0" ci="3" mb="0" cb="0"/><line nr="486" mi="0" ci="7" mb="0" cb="2"/><line nr="488" mi="0" ci="2" mb="0" cb="0"/><line nr="490" mi="0" ci="14" mb="0" cb="0"/><line nr="494" mi="0" ci="11" mb="0" cb="0"/><line nr="496" mi="0" ci="2" mb="0" cb="0"/><line nr="497" mi="0" ci="2" mb="0" cb="0"/><line nr="505" mi="0" ci="5" mb="0" cb="0"/><line nr="506" mi="0" ci="5" mb="0" cb="0"/><line nr="508" mi="0" ci="2" mb="0" cb="2"/><line nr="510" mi="0" ci="12" mb="0" cb="0"/><line nr="514" mi="0" ci="12" mb="0" cb="0"/><line nr="520" mi="0" ci="5" mb="0" cb="0"/><line nr="521" mi="0" ci="3" mb="0" cb="0"/><line nr="523" mi="0" ci="3" mb="0" cb="0"/><line nr="525" mi="0" ci="7" mb="0" cb="2"/><line nr="527" mi="0" ci="2" mb="0" cb="0"/><line nr="529" mi="0" ci="15" mb="0" cb="0"/><line nr="533" mi="0" ci="11" mb="0" cb="0"/><line nr="535" mi="0" ci="2" mb="0" cb="0"/><line nr="536" mi="0" ci="2" mb="0" cb="0"/><line nr="544" mi="0" ci="5" mb="0" cb="0"/><line nr="545" mi="0" ci="3" mb="0" cb="0"/><line nr="547" mi="0" ci="3" mb="0" cb="0"/><line nr="549" mi="0" ci="7" mb="0" cb="2"/><line nr="551" mi="0" ci="2" mb="0" cb="0"/><line nr="553" mi="0" ci="15" mb="0" cb="0"/><line nr="557" mi="0" ci="11" mb="0" cb="0"/><line nr="559" mi="0" ci="2" mb="0" cb="0"/><line nr="560" mi="0" ci="2" mb="0" cb="0"/><line nr="568" mi="0" ci="6" mb="0" cb="0"/><line nr="570" mi="0" ci="3" mb="0" cb="2"/><line nr="572" mi="0" ci="4" mb="0" cb="0"/><line nr="574" mi="0" ci="3" mb="0" cb="2"/><line nr="576" mi="0" ci="13" mb="0" cb="0"/><line nr="580" mi="0" ci="6" mb="0" cb="0"/><line nr="582" mi="0" ci="5" mb="0" cb="0"/><line nr="583" mi="0" ci="7" mb="0" cb="0"/><line nr="585" mi="0" ci="9" mb="0" cb="0"/><line nr="591" mi="0" ci="10" mb="0" cb="2"/><line nr="593" mi="0" ci="9" mb="0" cb="0"/><line nr="595" mi="0" ci="8" mb="0" cb="0"/><line nr="597" mi="0" ci="7" mb="0" cb="0"/><line nr="599" mi="0" ci="17" mb="0" cb="2"/><line nr="601" mi="0" ci="2" mb="0" cb="0"/><line nr="632" mi="0" ci="6" mb="0" cb="0"/><line nr="635" mi="0" ci="5" mb="0" cb="0"/><line nr="637" mi="0" ci="6" mb="0" cb="0"/><line nr="638" mi="0" ci="13" mb="0" cb="0"/><line nr="640" mi="0" ci="6" mb="0" cb="0"/><line nr="645" mi="0" ci="9" mb="0" cb="0"/><line nr="647" mi="0" ci="21" mb="0" cb="0"/><line nr="653" mi="0" ci="6" mb="0" cb="0"/><line nr="655" mi="0" ci="9" mb="0" cb="0"/><line nr="657" mi="0" ci="10" mb="0" cb="0"/><line nr="659" mi="0" ci="7" mb="0" cb="0"/><line nr="661" mi="0" ci="17" mb="0" cb="2"/><line nr="663" mi="0" ci="2" mb="0" cb="0"/><line nr="669" mi="0" ci="3" mb="0" cb="0"/><line nr="670" mi="0" ci="3" mb="0" cb="0"/><line nr="672" mi="0" ci="5" mb="0" cb="0"/><line nr="674" mi="0" ci="15" mb="0" cb="0"/><line nr="676" mi="0" ci="14" mb="0" cb="0"/><line nr="678" mi="0" ci="7" mb="0" cb="0"/><line nr="680" mi="0" ci="2" mb="0" cb="0"/><line nr="682" mi="0" ci="5" mb="0" cb="0"/><line nr="684" mi="0" ci="5" mb="0" cb="0"/><line nr="686" mi="0" ci="3" mb="0" cb="0"/><line nr="696" mi="0" ci="3" mb="1" cb="1"/><line nr="698" mi="0" ci="7" mb="0" cb="0"/><line nr="702" mi="3" ci="0" mb="0" cb="0"/><line nr="703" mi="8" ci="0" mb="0" cb="0"/><line nr="705" mi="3" ci="0" mb="0" cb="0"/><line nr="707" mi="7" ci="0" mb="2" cb="0"/><line nr="709" mi="4" ci="0" mb="0" cb="0"/><line nr="710" mi="6" ci="0" mb="0" cb="0"/><line nr="712" mi="3" ci="0" mb="2" cb="0"/><line nr="714" mi="8" ci="0" mb="0" cb="0"/><line nr="715" mi="1" ci="0" mb="0" cb="0"/><line nr="719" mi="2" ci="0" mb="0" cb="0"/><line nr="721" mi="5" ci="0" mb="2" cb="0"/><line nr="723" mi="3" ci="0" mb="0" cb="0"/><line nr="727" mi="2" ci="0" mb="0" cb="0"/><line nr="728" mi="2" ci="0" mb="0" cb="0"/><line nr="729" mi="2" ci="0" mb="0" cb="0"/><line nr="730" mi="18" ci="0" mb="0" cb="0"/><line nr="734" mi="7" ci="0" mb="0" cb="0"/><line nr="736" mi="5" ci="0" mb="0" cb="0"/><line nr="738" mi="7" ci="0" mb="2" cb="0"/><line nr="740" mi="8" ci="0" mb="0" cb="0"/><line nr="744" mi="2" ci="0" mb="0" cb="0"/><line nr="746" mi="2" ci="0" mb="0" cb="0"/><line nr="752" mi="0" ci="3" mb="1" cb="1"/><line nr="754" mi="5" ci="0" mb="0" cb="0"/><line nr="758" mi="0" ci="5" mb="0" cb="0"/><line nr="759" mi="0" ci="2" mb="0" cb="0"/><line nr="760" mi="0" ci="13" mb="0" cb="0"/><line nr="761" mi="0" ci="4" mb="0" cb="0"/><line nr="762" mi="0" ci="8" mb="0" cb="0"/><line nr="764" mi="0" ci="7" mb="0" cb="2"/><line nr="766" mi="0" ci="6" mb="0" cb="0"/><line nr="767" mi="0" ci="10" mb="0" cb="0"/><line nr="768" mi="0" ci="4" mb="0" cb="0"/><line nr="769" mi="0" ci="4" mb="0" cb="0"/><line nr="771" mi="0" ci="4" mb="0" cb="0"/><line nr="772" mi="0" ci="3" mb="0" cb="0"/><line nr="776" mi="0" ci="2" mb="0" cb="0"/><counter type="INSTRUCTION" missed="142" covered="750"/><counter type="BRANCH" missed="11" covered="27"/><counter type="LINE" missed="26" covered="115"/><counter type="COMPLEXITY" missed="12" covered="64"/><counter type="METHOD" missed="5" covered="52"/><counter type="CLASS" missed="0" covered="1"/></sourcefile><sourcefile name="Util.java"><line nr="79" mi="0" ci="5" mb="0" cb="0"/><line nr="88" mi="0" ci="3" mb="0" cb="0"/><line nr="119" mi="0" ci="2" mb="1" cb="1"/><line nr="121" mi="6" ci="0" mb="0" cb="0"/><line nr="123" mi="0" ci="2" mb="0" cb="2"/><line nr="125" mi="0" ci="3" mb="0" cb="0"/><line nr="127" mi="0" ci="3" mb="0" cb="2"/><line nr="129" mi="0" ci="2" mb="0" cb="0"/><line nr="133" mi="0" ci="6" mb="0" cb="0"/><line nr="160" mi="0" ci="4" mb="0" cb="2"/><line nr="162" mi="0" ci="5" mb="0" cb="0"/><line nr="166" mi="0" ci="6" mb="0" cb="0"/><line nr="172" mi="0" ci="6" mb="0" cb="0"/><line nr="174" mi="0" ci="6" mb="0" cb="0"/><line nr="176" mi="0" ci="4" mb="0" cb="2"/><line nr="178" mi="0" ci="4" mb="0" cb="0"/><line nr="182" mi="0" ci="6" mb="0" cb="0"/><line nr="183" mi="0" ci="4" mb="0" cb="0"/><line nr="184" mi="0" ci="6" mb="0" cb="0"/><line nr="186" mi="0" ci="11" mb="0" cb="0"/><line nr="194" mi="0" ci="5" mb="0" cb="0"/><line nr="196" mi="0" ci="11" mb="0" cb="2"/><line nr="198" mi="0" ci="8" mb="0" cb="0"/><line nr="202" mi="0" ci="2" mb="0" cb="0"/><line nr="208" mi="0" ci="3" mb="0" cb="2"/><line nr="210" mi="0" ci="2" mb="0" cb="0"/><line nr="212" mi="0" ci="8" mb="0" cb="2"/><line nr="218" mi="0" ci="4" mb="0" cb="0"/><line nr="219" mi="0" ci="4" mb="0" cb="0"/><line nr="221" mi="0" ci="11" mb="0" cb="0"/><line nr="223" mi="0" ci="6" mb="0" cb="0"/><line nr="225" mi="0" ci="4" mb="0" cb="0"/><line nr="227" mi="0" ci="3" mb="0" cb="2"/><line nr="229" mi="0" ci="5" mb="0" cb="0"/><line nr="233" mi="0" ci="3" mb="0" cb="0"/><counter type="INSTRUCTION" missed="6" covered="167"/><counter type="BRANCH" missed="1" covered="17"/><counter type="LINE" missed="1" covered="34"/><counter type="COMPLEXITY" missed="1" covered="19"/><counter type="METHOD" missed="0" covered="11"/><counter type="CLASS" missed="0" covered="1"/></sourcefile><counter type="INSTRUCTION" missed="148" covered="917"/><counter type="BRANCH" missed="12" covered="44"/><counter type="LINE" missed="27" covered="149"/><counter type="COMPLEXITY" missed="13" covered="83"/><counter type="METHOD" missed="5" covered="63"/><counter type="CLASS" missed="0" covered="2"/></package><counter type="INSTRUCTION" missed="362" covered="3435"/><counter type="BRANCH" missed="56" covered="340"/><counter type="LINE" missed="61" covered="582"/><counter type="COMPLEXITY" missed="47" covered="308"/><counter type="METHOD" missed="7" covered="150"/><counter type="CLASS" missed="0" covered="8"/></report>