<?xml version="1.0" encoding="UTF-8"?>
<testsuite xmlns:xsi="http://www.w3.org/2001/XMLSchema-instance" xsi:noNamespaceSchemaLocation="https://maven.apache.org/surefire/maven-surefire-plugin/xsd/surefire-test-report.xsd" version="3.0.1" name="math.core.DigitTest" time="0.328" tests="83" errors="0" skipped="0" failures="0">
  <properties>
[...]
</properties>
  <testcase name="testPerformance" classname="math.core.DigitTest" time="0.011"/>
  <testcase name="testScientificNotationWithTrailingZeros" classname="math.core.DigitTest" time="0.006"/>
  <testcase name="testInvalidScientificNotation(String)[1]" classname="math.core.DigitTest" time="0.013"/>
  <testcase name="testInvalidScientificNotation(String)[2]" classname="math.core.DigitTest" time="0.002"/>
  <testcase name="testInvalidScientificNotation(String)[3]" classname="math.core.DigitTest" time="0.002"/>
  <testcase name="testInvalidScientificNotation(String)[4]" classname="math.core.DigitTest" time="0.003"/>
  <testcase name="testInvalidScientificNotation(String)[5]" classname="math.core.DigitTest" time="0.002"/>
  <testcase name="testInvalidScientificNotation(String)[6]" classname="math.core.DigitTest" time="0.002"/>
  <testcase name="testInvalidScientificNotation(String)[7]" classname="math.core.DigitTest" time="0.001"/>
  <testcase name="testLowercaseScientificNotation" classname="math.core.DigitTest" time="0.002"/>
  <testcase name="testScientificNotationPrecision" classname="math.core.DigitTest" time="0.001"/>
  <testcase name="testToStringWithNotations" classname="math.core.DigitTest" time="0.002"/>
  <testcase name="testScientificNotationDifferentConstructors" classname="math.core.DigitTest" time="0.004"/>
  <testcase name="testVeryLargeScientificNotation" classname="math.core.DigitTest" time="0.001"/>
  <testcase name="testPositiveExponentScientificNotation" classname="math.core.DigitTest" time="0.001"/>
  <testcase name="testSignHandling" classname="math.core.DigitTest" time="0.002"/>
  <testcase name="testRoundingUnnecessary" classname="math.core.DigitTest" time="0.003"/>
  <testcase name="testParameterizedMultiplication(String, String, String)[1]" classname="math.core.DigitTest" time="0.002"/>
  <testcase name="testParameterizedMultiplication(String, String, String)[2]" classname="math.core.DigitTest" time="0.001"/>
  <testcase name="testParameterizedMultiplication(String, String, String)[3]" classname="math.core.DigitTest" time="0.001"/>
  <testcase name="testParameterizedMultiplication(String, String, String)[4]" classname="math.core.DigitTest" time="0.003"/>
  <testcase name="testParameterizedMultiplication(String, String, String)[5]" classname="math.core.DigitTest" time="0.004"/>
  <testcase name="testParameterizedMultiplication(String, String, String)[6]" classname="math.core.DigitTest" time="0.0"/>
  <testcase name="testExtremeNumbers" classname="math.core.DigitTest" time="0.002"/>
  <testcase name="testParameterizedNumberCreation(String, String)[1]" classname="math.core.DigitTest" time="0.003"/>
  <testcase name="testParameterizedNumberCreation(String, String)[2]" classname="math.core.DigitTest" time="0.002"/>
  <testcase name="testParameterizedNumberCreation(String, String)[3]" classname="math.core.DigitTest" time="0.001"/>
  <testcase name="testParameterizedNumberCreation(String, String)[4]" classname="math.core.DigitTest" time="0.0"/>
  <testcase name="testParameterizedNumberCreation(String, String)[5]" classname="math.core.DigitTest" time="0.001"/>
  <testcase name="testParameterizedNumberCreation(String, String)[6]" classname="math.core.DigitTest" time="0.002"/>
  <testcase name="testMultiplication" classname="math.core.DigitTest" time="0.001"/>
  <testcase name="testAddition" classname="math.core.DigitTest" time="0.001"/>
  <testcase name="testParameterizedAddition(String, String, String)[1]" classname="math.core.DigitTest" time="0.003"/>
  <testcase name="testParameterizedAddition(String, String, String)[2]" classname="math.core.DigitTest" time="0.002"/>
  <testcase name="testParameterizedAddition(String, String, String)[3]" classname="math.core.DigitTest" time="0.001"/>
  <testcase name="testParameterizedAddition(String, String, String)[4]" classname="math.core.DigitTest" time="0.001"/>
  <testcase name="testScientificNotationWithLeadingZeros" classname="math.core.DigitTest" time="0.001"/>
  <testcase name="testDoubleConstructor" classname="math.core.DigitTest" time="0.001"/>
  <testcase name="testInvalidConstructor(String)[1]" classname="math.core.DigitTest" time="0.003"/>
  <testcase name="testInvalidConstructor(String)[2]" classname="math.core.DigitTest" time="0.002"/>
  <testcase name="testInvalidConstructor(String)[3]" classname="math.core.DigitTest" time="0.002"/>
  <testcase name="testInvalidConstructor(String)[4]" classname="math.core.DigitTest" time="0.002"/>
  <testcase name="testInvalidConstructor(String)[5]" classname="math.core.DigitTest" time="0.003"/>
  <testcase name="testInvalidConstructor(String)[6]" classname="math.core.DigitTest" time="0.002"/>
  <testcase name="testInvalidConstructor(String)[7]" classname="math.core.DigitTest" time="0.001"/>
  <testcase name="testInvalidConstructor(String)[8]" classname="math.core.DigitTest" time="0.002"/>
  <testcase name="testPositiveSignScientificNotation" classname="math.core.DigitTest" time="0.001"/>
  <testcase name="testCompareToComprehensive" classname="math.core.DigitTest" time="0.001"/>
  <testcase name="testAllRoundingModes" classname="math.core.DigitTest" time="0.001"/>
  <testcase name="testEdgeCaseScientificNotation" classname="math.core.DigitTest" time="0.001"/>
  <testcase name="testDivisionByZero" classname="math.core.DigitTest" time="0.006"/>
  <testcase name="testStringConstructor" classname="math.core.DigitTest" time="0.002"/>
  <testcase name="testParameterizedScientificNotation(String, String)[1]" classname="math.core.DigitTest" time="0.002"/>
  <testcase name="testParameterizedScientificNotation(String, String)[2]" classname="math.core.DigitTest" time="0.001"/>
  <testcase name="testParameterizedScientificNotation(String, String)[3]" classname="math.core.DigitTest" time="0.002"/>
  <testcase name="testParameterizedScientificNotation(String, String)[4]" classname="math.core.DigitTest" time="0.001"/>
  <testcase name="testParameterizedScientificNotation(String, String)[5]" classname="math.core.DigitTest" time="0.002"/>
  <testcase name="testParameterizedScientificNotation(String, String)[6]" classname="math.core.DigitTest" time="0.001"/>
  <testcase name="testParameterizedScientificNotation(String, String)[7]" classname="math.core.DigitTest" time="0.001"/>
  <testcase name="testParameterizedScientificNotation(String, String)[8]" classname="math.core.DigitTest" time="0.002"/>
  <testcase name="testParameterizedScientificNotation(String, String)[9]" classname="math.core.DigitTest" time="0.001"/>
  <testcase name="testParameterizedScientificNotation(String, String)[10]" classname="math.core.DigitTest" time="0.003"/>
  <testcase name="testStringPartsConstructor" classname="math.core.DigitTest" time="0.001"/>
  <testcase name="testDivision" classname="math.core.DigitTest" time="0.002"/>
  <testcase name="testScientificNotationComparisons" classname="math.core.DigitTest" time="0.001"/>
  <testcase name="testIncreaseDecrease" classname="math.core.DigitTest" time="0.002"/>
  <testcase name="testScientificNotationWithArithmetic" classname="math.core.DigitTest" time="0.002"/>
  <testcase name="testAllConversions" classname="math.core.DigitTest" time="0.001"/>
  <testcase name="testEqualsAndHashCode" classname="math.core.DigitTest" time="0.002"/>
  <testcase name="testNegativeExponentScientificNotation" classname="math.core.DigitTest" time="0.001"/>
  <testcase name="testConversionEdgeCases" classname="math.core.DigitTest" time="0.002"/>
  <testcase name="testMixedCaseScientificNotation" classname="math.core.DigitTest" time="0.001"/>
  <testcase name="testScientificNotationWithNotationParameter" classname="math.core.DigitTest" time="0.001"/>
  <testcase name="testNumberNormalization" classname="math.core.DigitTest" time="0.002"/>
  <testcase name="testLongConstructor" classname="math.core.DigitTest" time="0.001"/>
  <testcase name="testRoundingEdgeCases" classname="math.core.DigitTest" time="0.0"/>
  <testcase name="testScientificNotationNoDecimal" classname="math.core.DigitTest" time="0.001"/>
  <testcase name="testNegativeScientificNotation" classname="math.core.DigitTest" time="0.001"/>
  <testcase name="testSubtraction" classname="math.core.DigitTest" time="0.003"/>
  <testcase name="testDoubleConstructorWithScientificRange" classname="math.core.DigitTest" time="0.001"/>
  <testcase name="testEnhancedOperations" classname="math.core.DigitTest" time="0.002"/>
  <testcase name="testToStringEdgeCases" classname="math.core.DigitTest" time="0.0"/>
  <testcase name="testSpecialComparisons" classname="math.core.DigitTest" time="0.0"/>
</testsuite>