<?xml version="1.0" encoding="UTF-8"?>
<testsuite xmlns:xsi="http://www.w3.org/2001/XMLSchema-instance" xsi:noNamespaceSchemaLocation="https://maven.apache.org/surefire/maven-surefire-plugin/xsd/surefire-test-report.xsd" version="3.0.1" name="BeyondDouble.AppTest" time="3.61" tests="1" errors="0" skipped="0" failures="0">
  <properties>
[...]
</properties>
  <testcase name="shouldAnswerWithTrue" classname="BeyondDouble.AppTest" time="3.566">
    <system-out><![CDATA[

2156.0 + 0.0023 = 2156.0023 | 2,156.0023
2156.0 - 0.0023 = 2155.9977 | 2,155.9977
2156.0 * 0.0023 = 4.9588 | 4.9588
2156.0 / 0.0023 = 937391.304347826 | 937,391.30434782608695652173
2156.0 % 0.0023 = 7.00000000036425E-4 | 0.0007245^400 = 46,391,001,237,247,381,573,067,131,769,586,260,136,576,325,080,223,368,653,325,105,054,976,385,012,144,708,462,759,585,548,132,625,808,128,732,846,787,619,570,077,257,117,330,296,310,152,783,567,294,998,047,214,577,139,663,626,785,126,508,025,240,494,224,577,783,554,604,818,461,411,723,595,478,242,105,776,305,835,995,104,897,999,837,205,797,446,808,442,940,963,998,519,326,114,640,020,924,139,219,179,645,871,573,837,012,011,855,343,264,114,018,349,819,918,682,499,961,560,674,209,058,862,483,685,902,810,050,803,280,215,296,697,091,222,824,843,266,722,035,014,649,706,685,380,756,895,987,593,468,214,444,018,759,380,877,048,789,400,547,950,462,855,396,601,807,852,443,822,841,874,880,110,033,414,038,216,331,034,514,965,405,814,227,388,610,472,142,567,664,477,251,034,844,461,328,158,816,235,469,346,993,919,383,563,230,986,190,134,031,517,688,458,260,948,924,646,066,378,690,046,278,438,503,181,675,348,062,593,694,892,762,138,196,345,858,305,907,861,377,905,083,819,534,413,126,475,573,630,214,667,455,261,384,216,289,502,735,841,824,468,681,479,840,615,169,533,398,504,443,115,692,431,620,695,703,439,632,721,792,889,739,518,911,894,230,561,109,238,999,119,581,926,614,767,888,381,485,546,728,779,901,403,915,395,842,469,937,548,457,892,262,376,844,882,965,087,890,625

1000! = 402,387,260,077,093,773,543,702,433,923,003,985,719,374,864,210,714,632,543,799,910,429,938,512,398,629,020,592,044,208,486,969,404,800,479,988,610,197,196,058,631,666,872,994,808,558,901,323,829,669,944,590,997,424,504,087,073,759,918,823,627,727,188,732,519,779,505,950,995,276,120,874,975,462,497,043,601,418,278,094,646,496,291,056,393,887,437,886,487,337,119,181,045,825,783,647,849,977,012,476,632,889,835,955,735,432,513,185,323,958,463,075,557,409,114,262,417,474,349,347,553,428,646,576,611,667,797,396,668,820,291,207,379,143,853,719,588,249,808,126,867,838,374,559,731,746,136,085,379,534,524,221,586,593,201,928,090,878,297,308,431,392,844,403,281,231,558,611,036,976,801,357,304,216,168,747,609,675,871,348,312,025,478,589,320,767,169,132,448,426,236,131,412,508,780,208,000,261,683,151,027,341,827,977,704,784,635,868,170,164,365,024,153,691,398,281,264,810,213,092,761,244,896,359,928,705,114,964,975,419,909,342,221,566,832,572,080,821,333,186,116,811,553,615,836,546,984,046,708,975,602,900,950,537,616,475,847,728,421,889,679,646,244,945,160,765,353,408,198,901,385,442,487,984,959,953,319,101,723,355,556,602,139,450,399,736,280,750,137,837,615,307,127,761,926,849,034,352,625,200,015,888,535,147,331,611,702,103,968,175,921,510,907,788,019,393,178,114,194,545,257,223,865,541,461,062,892,187,960,223,838,971,476,088,506,276,862,967,146,674,697,562,911,234,082,439,208,160,153,780,889,893,964,518,263,243,671,616,762,179,168,909,779,911,903,754,031,274,622,289,988,005,195,444,414,282,012,187,361,745,992,642,956,581,746,628,302,955,570,299,024,324,153,181,617,210,465,832,036,786,906,117,260,158,783,520,751,516,284,225,540,265,170,483,304,226,143,974,286,933,061,690,897,968,482,590,125,458,327,168,226,458,066,526,769,958,652,682,272,807,075,781,391,858,178,889,652,208,164,348,344,825,993,266,043,367,660,176,999,612,831,860,788,386,150,279,465,955,131,156,552,036,093,988,180,612,138,558,600,301,435,694,527,224,206,344,631,797,460,594,682,573,103,790,084,024,432,438,465,657,245,014,402,821,885,252,470,935,190,620,929,023,136,493,273,497,565,513,958,720,559,654,228,749,774,011,413,346,962,715,422,845,862,377,387,538,230,483,865,688,976,461,927,383,814,900,140,767,310,446,640,259,899,490,222,221,765,904,339,901,886,018,566,526,485,061,799,702,356,193,897,017,860,040,811,889,729,918,311,021,171,229,845,901,641,921,068,884,387,121,855,646,124,960,798,722,908,519,296,819,372,388,642,614,839,657,382,291,123,125,024,186,649,353,143,970,137,428,531,926,649,875,337,218,940,694,281,434,118,520,158,014,123,344,828,015,051,399,694,290,153,483,077,644,569,099,073,152,433,278,288,269,864,602,789,864,321,139,083,506,217,095,002,597,389,863,554,277,196,742,822,248,757,586,765,752,344,220,207,573,630,569,498,825,087,968,928,162,753,848,863,396,909,959,826,280,956,121,450,994,871,701,244,516,461,260,379,029,309,120,889,086,942,028,510,640,182,154,399,457,156,805,941,872,748,998,094,254,742,173,582,401,063,677,404,595,741,785,160,829,230,135,358,081,840,096,996,372,524,230,560,855,903,700,624,271,243,416,909,004,153,690,105,933,983,835,777,939,410,970,027,753,472,000,000,000,000,000,000,000,000,000,000,000,000,000,000,000,000,000,000,000,000,000,000,000,000,000,000,000,000,000,000,000,000,000,000,000,000,000,000,000,000,000,000,000,000,000,000,000,000,000,000,000,000,000,000,000,000,000,000,000,000,000,000,000,000,000,000,000,000,000,000,000,000,000,000,000,000,000,000,000,000,000,000,000
0! = 1
1! = 1
2! = 2
3! = 6
4! = 24
5! = 120
6! = 720
7! = 5,040
8! = 40,320
9! = 362,880
10! = 3,628,800
11! = 39,916,800
12! = 479,001,600
13! = 6,227,020,800
14! = 87,178,291,200
15! = 1,307,674,368,000
16! = 20,922,789,888,000
17! = 355,687,428,096,000
18! = 6,402,373,705,728,000
19! = 121,645,100,408,832,000
20! = 2,432,902,008,176,640,000
21! = 51,090,942,171,709,440,000
22! = 1,124,000,727,777,607,680,000
23! = 25,852,016,738,884,976,640,000
24! = 620,448,401,733,239,439,360,000
25! = 15,511,210,043,330,985,984,000,000
26! = 403,291,461,126,605,635,584,000,000
27! = 10,888,869,450,418,352,160,768,000,000
28! = 304,888,344,611,713,860,501,504,000,000
29! = 8,841,761,993,739,701,954,543,616,000,000
30! = 265,252,859,812,191,058,636,308,480,000,000
31! = 8,222,838,654,177,922,817,725,562,880,000,000
32! = 263,130,836,933,693,530,167,218,012,160,000,000
33! = 8,683,317,618,811,886,495,518,194,401,280,000,000
34! = 295,232,799,039,604,140,847,618,609,643,520,000,000
35! = 10,333,147,966,386,144,929,666,651,337,523,200,000,000
36! = 371,993,326,789,901,217,467,999,448,150,835,200,000,000
37! = 13,763,753,091,226,345,046,315,979,581,580,902,400,000,000
38! = 523,022,617,466,601,111,760,007,224,100,074,291,200,000,000
39! = 20,397,882,081,197,443,358,640,281,739,902,897,356,800,000,000
40! = 815,915,283,247,897,734,345,611,269,596,115,894,272,000,000,000
41! = 33,452,526,613,163,807,108,170,062,053,440,751,665,152,000,000,000
42! = 1,405,006,117,752,879,898,543,142,606,244,511,569,936,384,000,000,000
43! = 60,415,263,063,373,835,637,355,132,068,513,997,507,264,512,000,000,000
44! = 2,658,271,574,788,448,768,043,625,811,014,615,890,319,638,528,000,000,000
45! = 119,622,220,865,480,194,561,963,161,495,657,715,064,383,733,760,000,000,000
46! = 5,502,622,159,812,088,949,850,305,428,800,254,892,961,651,752,960,000,000,000
47! = 258,623,241,511,168,180,642,964,355,153,611,979,969,197,632,389,120,000,000,000
48! = 12,413,915,592,536,072,670,862,289,047,373,375,038,521,486,354,677,760,000,000,000
49! = 608,281,864,034,267,560,872,252,163,321,295,376,887,552,831,379,210,240,000,000,000
50! = 30,414,093,201,713,378,043,612,608,166,064,768,844,377,641,568,960,512,000,000,000,000
51! = 1,551,118,753,287,382,280,224,243,016,469,303,211,063,259,720,016,986,112,000,000,000,000
52! = 80,658,175,170,943,878,571,660,636,856,403,766,975,289,505,440,883,277,824,000,000,000,000
53! = 4,274,883,284,060,025,564,298,013,753,389,399,649,690,343,788,366,813,724,672,000,000,000,000
54! = 230,843,697,339,241,380,472,092,742,683,027,581,083,278,564,571,807,941,132,288,000,000,000,000
55! = 12,696,403,353,658,275,925,965,100,847,566,516,959,580,321,051,449,436,762,275,840,000,000,000,000
56! = 710,998,587,804,863,451,854,045,647,463,724,949,736,497,978,881,168,458,687,447,040,000,000,000,000
57! = 40,526,919,504,877,216,755,680,601,905,432,322,134,980,384,796,226,602,145,184,481,280,000,000,000,000
58! = 2,350,561,331,282,878,571,829,474,910,515,074,683,828,862,318,181,142,924,420,699,914,240,000,000,000,000
59! = 138,683,118,545,689,835,737,939,019,720,389,406,345,902,876,772,687,432,540,821,294,940,160,000,000,000,000
60! = 8,320,987,112,741,390,144,276,341,183,223,364,380,754,172,606,361,245,952,449,277,696,409,600,000,000,000,000
61! = 507,580,213,877,224,798,800,856,812,176,625,227,226,004,528,988,036,003,099,405,939,480,985,600,000,000,000,000
62! = 31,469,973,260,387,937,525,653,122,354,950,764,088,012,280,797,258,232,192,163,168,247,821,107,200,000,000,000,000
63! = 1,982,608,315,404,440,064,116,146,708,361,898,137,544,773,690,227,268,628,106,279,599,612,729,753,600,000,000,000,000
64! = 126,886,932,185,884,164,103,433,389,335,161,480,802,865,516,174,545,192,198,801,894,375,214,704,230,400,000,000,000,000
65! = 8,247,650,592,082,470,666,723,170,306,785,496,252,186,258,551,345,437,492,922,123,134,388,955,774,976,000,000,000,000,000
66! = 544,344,939,077,443,064,003,729,240,247,842,752,644,293,064,388,798,874,532,860,126,869,671,081,148,416,000,000,000,000,000
67! = 36,471,110,918,188,685,288,249,859,096,605,464,427,167,635,314,049,524,593,701,628,500,267,962,436,943,872,000,000,000,000,000
68! = 2,480,035,542,436,830,599,600,990,418,569,171,581,047,399,201,355,367,672,371,710,738,018,221,445,712,183,296,000,000,000,000,000
69! = 171,122,452,428,141,311,372,468,338,881,272,839,092,270,544,893,520,369,393,648,040,923,257,279,754,140,647,424,000,000,000,000,000
70! = 11,978,571,669,969,891,796,072,783,721,689,098,736,458,938,142,546,425,857,555,362,864,628,009,582,789,845,319,680,000,000,000,000,000
71! = 850,478,588,567,862,317,521,167,644,239,926,010,288,584,608,120,796,235,886,430,763,388,588,680,378,079,017,697,280,000,000,000,000,000
72! = 61,234,458,376,886,086,861,524,070,385,274,672,740,778,091,784,697,328,983,823,014,963,978,384,987,221,689,274,204,160,000,000,000,000,000
73! = 4,470,115,461,512,684,340,891,257,138,125,051,110,076,800,700,282,905,015,819,080,092,370,422,104,067,183,317,016,903,680,000,000,000,000,000
74! = 330,788,544,151,938,641,225,953,028,221,253,782,145,683,251,820,934,971,170,611,926,835,411,235,700,971,565,459,250,872,320,000,000,000,000,000
75! = 24,809,140,811,395,398,091,946,477,116,594,033,660,926,243,886,570,122,837,795,894,512,655,842,677,572,867,409,443,815,424,000,000,000,000,000,000
76! = 1,885,494,701,666,050,254,987,932,260,861,146,558,230,394,535,379,329,335,672,487,982,961,844,043,495,537,923,117,729,972,224,000,000,000,000,000,000
77! = 145,183,092,028,285,869,634,070,784,086,308,284,983,740,379,224,208,358,846,781,574,688,061,991,349,156,420,080,065,207,861,248,000,000,000,000,000,000
78! = 11,324,281,178,206,297,831,457,521,158,732,046,228,731,749,579,488,251,990,048,962,825,668,835,325,234,200,766,245,086,213,177,344,000,000,000,000,000,000
79! = 894,618,213,078,297,528,685,144,171,539,831,652,069,808,216,779,571,907,213,868,063,227,837,990,693,501,860,533,361,810,841,010,176,000,000,000,000,000,000
80! = 71,569,457,046,263,802,294,811,533,723,186,532,165,584,657,342,365,752,577,109,445,058,227,039,255,480,148,842,668,944,867,280,814,080,000,000,000,000,000,000
81! = 5,797,126,020,747,367,985,879,734,231,578,109,105,412,357,244,731,625,958,745,865,049,716,390,179,693,892,056,256,184,534,249,745,940,480,000,000,000,000,000,000
82! = 475,364,333,701,284,174,842,138,206,989,404,946,643,813,294,067,993,328,617,160,934,076,743,994,734,899,148,613,007,131,808,479,167,119,360,000,000,000,000,000,000
83! = 39,455,239,697,206,586,511,897,471,180,120,610,571,436,503,407,643,446,275,224,357,528,369,751,562,996,629,334,879,591,940,103,770,870,906,880,000,000,000,000,000,000
84! = 3,314,240,134,565,353,266,999,387,579,130,131,288,000,666,286,242,049,487,118,846,032,383,059,131,291,716,864,129,885,722,968,716,753,156,177,920,000,000,000,000,000,000
85! = 281,710,411,438,055,027,694,947,944,226,061,159,480,056,634,330,574,206,405,101,912,752,560,026,159,795,933,451,040,286,452,340,924,018,275,123,200,000,000,000,000,000,000
86! = 24,227,095,383,672,732,381,765,523,203,441,259,715,284,870,552,429,381,750,838,764,496,720,162,249,742,450,276,789,464,634,901,319,465,571,660,595,200,000,000,000,000,000,000
87! = 2,107,757,298,379,527,717,213,600,518,699,389,595,229,783,738,061,356,212,322,972,511,214,654,115,727,593,174,080,683,423,236,414,793,504,734,471,782,400,000,000,000,000,000,000
88! = 185,482,642,257,398,439,114,796,845,645,546,284,380,220,968,949,399,346,684,421,580,986,889,562,184,028,199,319,100,141,244,804,501,828,416,633,516,851,200,000,000,000,000,000,000
89! = 16,507,955,160,908,461,081,216,919,262,453,619,309,839,666,236,496,541,854,913,520,707,833,171,034,378,509,739,399,912,570,787,600,662,729,080,382,999,756,800,000,000,000,000,000,000
90! = 1,485,715,964,481,761,497,309,522,733,620,825,737,885,569,961,284,688,766,942,216,863,704,985,393,094,065,876,545,992,131,370,884,059,645,617,234,469,978,112,000,000,000,000,000,000,000
91! = 135,200,152,767,840,296,255,166,568,759,495,142,147,586,866,476,906,677,791,741,734,597,153,670,771,559,994,765,685,283,954,750,449,427,751,168,336,768,008,192,000,000,000,000,000,000,000
92! = 12,438,414,054,641,307,255,475,324,325,873,553,077,577,991,715,875,414,356,840,239,582,938,137,710,983,519,518,443,046,123,837,041,347,353,107,486,982,656,753,664,000,000,000,000,000,000,000
93! = 1,156,772,507,081,641,574,759,205,162,306,240,436,214,753,229,576,413,535,186,142,281,213,246,807,121,467,315,215,203,289,516,844,845,303,838,996,289,387,078,090,752,000,000,000,000,000,000,000
94! = 108,736,615,665,674,308,027,365,285,256,786,601,004,186,803,580,182,872,307,497,374,434,045,199,869,417,927,630,229,109,214,583,415,458,560,865,651,202,385,340,530,688,000,000,000,000,000,000,000
95! = 10,329,978,488,239,059,262,599,702,099,394,727,095,397,746,340,117,372,869,212,250,571,234,293,987,594,703,124,871,765,375,385,424,468,563,282,236,864,226,607,350,415,360,000,000,000,000,000,000,000
96! = 991,677,934,870,949,689,209,571,401,541,893,801,158,183,648,651,267,795,444,376,054,838,492,222,809,091,499,987,689,476,037,000,748,982,075,094,738,965,754,305,639,874,560,000,000,000,000,000,000,000
97! = 96,192,759,682,482,119,853,328,425,949,563,698,712,343,813,919,172,976,158,104,477,319,333,745,612,481,875,498,805,879,175,589,072,651,261,284,189,679,678,167,647,067,832,320,000,000,000,000,000,000,000
98! = 9,426,890,448,883,247,745,626,185,743,057,242,473,809,693,764,078,951,663,494,238,777,294,707,070,023,223,798,882,976,159,207,729,119,823,605,850,588,608,460,429,412,647,567,360,000,000,000,000,000,000,000
99! = 933,262,154,439,441,526,816,992,388,562,667,004,907,159,682,643,816,214,685,929,638,952,175,999,932,299,156,089,414,639,761,565,182,862,536,979,208,272,237,582,511,852,109,168,640,000,000,000,000,000,000,000
100! = 93,326,215,443,944,152,681,699,238,856,266,700,490,715,968,264,381,621,468,592,963,895,217,599,993,229,915,608,941,463,976,156,518,286,253,697,920,827,223,758,251,185,210,916,864,000,000,000,000,000,000,000,000


]]></system-out>
  </testcase>
</testsuite>